                              1 ;--------------------------------------------------------
                              2 ; File Created by SDCC : FreeWare ANSI-C Compiler
                              3 ; Version 2.6.0 #4309 (Jul 28 2006)
                              4 ; This file generated Sun Dec 04 01:51:17 2016
                              5 ;--------------------------------------------------------
                              6 	.module gps
                              7 	.optsdcc -mmcs51 --model-large
                              8 	
                              9 ;--------------------------------------------------------
                             10 ; Public variables in this module
                             11 ;--------------------------------------------------------
                             12 	.globl _P5_7
                             13 	.globl _P5_6
                             14 	.globl _P5_5
                             15 	.globl _P5_4
                             16 	.globl _P5_3
                             17 	.globl _P5_2
                             18 	.globl _P5_1
                             19 	.globl _P5_0
                             20 	.globl _P4_7
                             21 	.globl _P4_6
                             22 	.globl _P4_5
                             23 	.globl _P4_4
                             24 	.globl _P4_3
                             25 	.globl _P4_2
                             26 	.globl _P4_1
                             27 	.globl _P4_0
                             28 	.globl _PX0L
                             29 	.globl _PT0L
                             30 	.globl _PX1L
                             31 	.globl _PT1L
                             32 	.globl _PLS
                             33 	.globl _PT2L
                             34 	.globl _PPCL
                             35 	.globl _EC
                             36 	.globl _CCF0
                             37 	.globl _CCF1
                             38 	.globl _CCF2
                             39 	.globl _CCF3
                             40 	.globl _CCF4
                             41 	.globl _CR
                             42 	.globl _CF
                             43 	.globl _TF2
                             44 	.globl _EXF2
                             45 	.globl _RCLK
                             46 	.globl _TCLK
                             47 	.globl _EXEN2
                             48 	.globl _TR2
                             49 	.globl _C_T2
                             50 	.globl _CP_RL2
                             51 	.globl _T2CON_7
                             52 	.globl _T2CON_6
                             53 	.globl _T2CON_5
                             54 	.globl _T2CON_4
                             55 	.globl _T2CON_3
                             56 	.globl _T2CON_2
                             57 	.globl _T2CON_1
                             58 	.globl _T2CON_0
                             59 	.globl _PT2
                             60 	.globl _ET2
                             61 	.globl _CY
                             62 	.globl _AC
                             63 	.globl _F0
                             64 	.globl _RS1
                             65 	.globl _RS0
                             66 	.globl _OV
                             67 	.globl _F1
                             68 	.globl _P
                             69 	.globl _PS
                             70 	.globl _PT1
                             71 	.globl _PX1
                             72 	.globl _PT0
                             73 	.globl _PX0
                             74 	.globl _RD
                             75 	.globl _WR
                             76 	.globl _T1
                             77 	.globl _T0
                             78 	.globl _INT1
                             79 	.globl _INT0
                             80 	.globl _TXD
                             81 	.globl _RXD
                             82 	.globl _P3_7
                             83 	.globl _P3_6
                             84 	.globl _P3_5
                             85 	.globl _P3_4
                             86 	.globl _P3_3
                             87 	.globl _P3_2
                             88 	.globl _P3_1
                             89 	.globl _P3_0
                             90 	.globl _EA
                             91 	.globl _ES
                             92 	.globl _ET1
                             93 	.globl _EX1
                             94 	.globl _ET0
                             95 	.globl _EX0
                             96 	.globl _P2_7
                             97 	.globl _P2_6
                             98 	.globl _P2_5
                             99 	.globl _P2_4
                            100 	.globl _P2_3
                            101 	.globl _P2_2
                            102 	.globl _P2_1
                            103 	.globl _P2_0
                            104 	.globl _SM0
                            105 	.globl _SM1
                            106 	.globl _SM2
                            107 	.globl _REN
                            108 	.globl _TB8
                            109 	.globl _RB8
                            110 	.globl _TI
                            111 	.globl _RI
                            112 	.globl _P1_7
                            113 	.globl _P1_6
                            114 	.globl _P1_5
                            115 	.globl _P1_4
                            116 	.globl _P1_3
                            117 	.globl _P1_2
                            118 	.globl _P1_1
                            119 	.globl _P1_0
                            120 	.globl _TF1
                            121 	.globl _TR1
                            122 	.globl _TF0
                            123 	.globl _TR0
                            124 	.globl _IE1
                            125 	.globl _IT1
                            126 	.globl _IE0
                            127 	.globl _IT0
                            128 	.globl _P0_7
                            129 	.globl _P0_6
                            130 	.globl _P0_5
                            131 	.globl _P0_4
                            132 	.globl _P0_3
                            133 	.globl _P0_2
                            134 	.globl _P0_1
                            135 	.globl _P0_0
                            136 	.globl _EECON
                            137 	.globl _KBF
                            138 	.globl _KBE
                            139 	.globl _KBLS
                            140 	.globl _BRL
                            141 	.globl _BDRCON
                            142 	.globl _T2MOD
                            143 	.globl _SPDAT
                            144 	.globl _SPSTA
                            145 	.globl _SPCON
                            146 	.globl _SADEN
                            147 	.globl _SADDR
                            148 	.globl _WDTPRG
                            149 	.globl _WDTRST
                            150 	.globl _P5
                            151 	.globl _P4
                            152 	.globl _IPH1
                            153 	.globl _IPL1
                            154 	.globl _IPH0
                            155 	.globl _IPL0
                            156 	.globl _IEN1
                            157 	.globl _IEN0
                            158 	.globl _CMOD
                            159 	.globl _CL
                            160 	.globl _CH
                            161 	.globl _CCON
                            162 	.globl _CCAPM4
                            163 	.globl _CCAPM3
                            164 	.globl _CCAPM2
                            165 	.globl _CCAPM1
                            166 	.globl _CCAPM0
                            167 	.globl _CCAP4L
                            168 	.globl _CCAP3L
                            169 	.globl _CCAP2L
                            170 	.globl _CCAP1L
                            171 	.globl _CCAP0L
                            172 	.globl _CCAP4H
                            173 	.globl _CCAP3H
                            174 	.globl _CCAP2H
                            175 	.globl _CCAP1H
                            176 	.globl _CCAP0H
                            177 	.globl _CKCKON1
                            178 	.globl _CKCKON0
                            179 	.globl _CKRL
                            180 	.globl _AUXR1
                            181 	.globl _AUXR
                            182 	.globl _TH2
                            183 	.globl _TL2
                            184 	.globl _RCAP2H
                            185 	.globl _RCAP2L
                            186 	.globl _T2CON
                            187 	.globl _B
                            188 	.globl _ACC
                            189 	.globl _PSW
                            190 	.globl _IP
                            191 	.globl _P3
                            192 	.globl _IE
                            193 	.globl _P2
                            194 	.globl _SBUF
                            195 	.globl _SCON
                            196 	.globl _P1
                            197 	.globl _TH1
                            198 	.globl _TH0
                            199 	.globl _TL1
                            200 	.globl _TL0
                            201 	.globl _TMOD
                            202 	.globl _TCON
                            203 	.globl _PCON
                            204 	.globl _DPH
                            205 	.globl _DPL
                            206 	.globl _SP
                            207 	.globl _P0
                            208 	.globl _gps_read
                            209 	.globl _gps_time
                            210 	.globl _gps_status
                            211 	.globl _gps_latitude
                            212 	.globl _gps_longitude
                            213 	.globl _gps_date
                            214 ;--------------------------------------------------------
                            215 ; special function registers
                            216 ;--------------------------------------------------------
                            217 	.area RSEG    (DATA)
                    0080    218 _P0	=	0x0080
                    0081    219 _SP	=	0x0081
                    0082    220 _DPL	=	0x0082
                    0083    221 _DPH	=	0x0083
                    0087    222 _PCON	=	0x0087
                    0088    223 _TCON	=	0x0088
                    0089    224 _TMOD	=	0x0089
                    008A    225 _TL0	=	0x008a
                    008B    226 _TL1	=	0x008b
                    008C    227 _TH0	=	0x008c
                    008D    228 _TH1	=	0x008d
                    0090    229 _P1	=	0x0090
                    0098    230 _SCON	=	0x0098
                    0099    231 _SBUF	=	0x0099
                    00A0    232 _P2	=	0x00a0
                    00A8    233 _IE	=	0x00a8
                    00B0    234 _P3	=	0x00b0
                    00B8    235 _IP	=	0x00b8
                    00D0    236 _PSW	=	0x00d0
                    00E0    237 _ACC	=	0x00e0
                    00F0    238 _B	=	0x00f0
                    00C8    239 _T2CON	=	0x00c8
                    00CA    240 _RCAP2L	=	0x00ca
                    00CB    241 _RCAP2H	=	0x00cb
                    00CC    242 _TL2	=	0x00cc
                    00CD    243 _TH2	=	0x00cd
                    008E    244 _AUXR	=	0x008e
                    00A2    245 _AUXR1	=	0x00a2
                    0097    246 _CKRL	=	0x0097
                    008F    247 _CKCKON0	=	0x008f
                    008F    248 _CKCKON1	=	0x008f
                    00FA    249 _CCAP0H	=	0x00fa
                    00FB    250 _CCAP1H	=	0x00fb
                    00FC    251 _CCAP2H	=	0x00fc
                    00FD    252 _CCAP3H	=	0x00fd
                    00FE    253 _CCAP4H	=	0x00fe
                    00EA    254 _CCAP0L	=	0x00ea
                    00EB    255 _CCAP1L	=	0x00eb
                    00EC    256 _CCAP2L	=	0x00ec
                    00ED    257 _CCAP3L	=	0x00ed
                    00EE    258 _CCAP4L	=	0x00ee
                    00DA    259 _CCAPM0	=	0x00da
                    00DB    260 _CCAPM1	=	0x00db
                    00DC    261 _CCAPM2	=	0x00dc
                    00DD    262 _CCAPM3	=	0x00dd
                    00DE    263 _CCAPM4	=	0x00de
                    00D8    264 _CCON	=	0x00d8
                    00F9    265 _CH	=	0x00f9
                    00E9    266 _CL	=	0x00e9
                    00D9    267 _CMOD	=	0x00d9
                    00A8    268 _IEN0	=	0x00a8
                    00B1    269 _IEN1	=	0x00b1
                    00B8    270 _IPL0	=	0x00b8
                    00B7    271 _IPH0	=	0x00b7
                    00B2    272 _IPL1	=	0x00b2
                    00B3    273 _IPH1	=	0x00b3
                    00C0    274 _P4	=	0x00c0
                    00D8    275 _P5	=	0x00d8
                    00A6    276 _WDTRST	=	0x00a6
                    00A7    277 _WDTPRG	=	0x00a7
                    00A9    278 _SADDR	=	0x00a9
                    00B9    279 _SADEN	=	0x00b9
                    00C3    280 _SPCON	=	0x00c3
                    00C4    281 _SPSTA	=	0x00c4
                    00C5    282 _SPDAT	=	0x00c5
                    00C9    283 _T2MOD	=	0x00c9
                    009B    284 _BDRCON	=	0x009b
                    009A    285 _BRL	=	0x009a
                    009C    286 _KBLS	=	0x009c
                    009D    287 _KBE	=	0x009d
                    009E    288 _KBF	=	0x009e
                    00D2    289 _EECON	=	0x00d2
                            290 ;--------------------------------------------------------
                            291 ; special function bits
                            292 ;--------------------------------------------------------
                            293 	.area RSEG    (DATA)
                    0080    294 _P0_0	=	0x0080
                    0081    295 _P0_1	=	0x0081
                    0082    296 _P0_2	=	0x0082
                    0083    297 _P0_3	=	0x0083
                    0084    298 _P0_4	=	0x0084
                    0085    299 _P0_5	=	0x0085
                    0086    300 _P0_6	=	0x0086
                    0087    301 _P0_7	=	0x0087
                    0088    302 _IT0	=	0x0088
                    0089    303 _IE0	=	0x0089
                    008A    304 _IT1	=	0x008a
                    008B    305 _IE1	=	0x008b
                    008C    306 _TR0	=	0x008c
                    008D    307 _TF0	=	0x008d
                    008E    308 _TR1	=	0x008e
                    008F    309 _TF1	=	0x008f
                    0090    310 _P1_0	=	0x0090
                    0091    311 _P1_1	=	0x0091
                    0092    312 _P1_2	=	0x0092
                    0093    313 _P1_3	=	0x0093
                    0094    314 _P1_4	=	0x0094
                    0095    315 _P1_5	=	0x0095
                    0096    316 _P1_6	=	0x0096
                    0097    317 _P1_7	=	0x0097
                    0098    318 _RI	=	0x0098
                    0099    319 _TI	=	0x0099
                    009A    320 _RB8	=	0x009a
                    009B    321 _TB8	=	0x009b
                    009C    322 _REN	=	0x009c
                    009D    323 _SM2	=	0x009d
                    009E    324 _SM1	=	0x009e
                    009F    325 _SM0	=	0x009f
                    00A0    326 _P2_0	=	0x00a0
                    00A1    327 _P2_1	=	0x00a1
                    00A2    328 _P2_2	=	0x00a2
                    00A3    329 _P2_3	=	0x00a3
                    00A4    330 _P2_4	=	0x00a4
                    00A5    331 _P2_5	=	0x00a5
                    00A6    332 _P2_6	=	0x00a6
                    00A7    333 _P2_7	=	0x00a7
                    00A8    334 _EX0	=	0x00a8
                    00A9    335 _ET0	=	0x00a9
                    00AA    336 _EX1	=	0x00aa
                    00AB    337 _ET1	=	0x00ab
                    00AC    338 _ES	=	0x00ac
                    00AF    339 _EA	=	0x00af
                    00B0    340 _P3_0	=	0x00b0
                    00B1    341 _P3_1	=	0x00b1
                    00B2    342 _P3_2	=	0x00b2
                    00B3    343 _P3_3	=	0x00b3
                    00B4    344 _P3_4	=	0x00b4
                    00B5    345 _P3_5	=	0x00b5
                    00B6    346 _P3_6	=	0x00b6
                    00B7    347 _P3_7	=	0x00b7
                    00B0    348 _RXD	=	0x00b0
                    00B1    349 _TXD	=	0x00b1
                    00B2    350 _INT0	=	0x00b2
                    00B3    351 _INT1	=	0x00b3
                    00B4    352 _T0	=	0x00b4
                    00B5    353 _T1	=	0x00b5
                    00B6    354 _WR	=	0x00b6
                    00B7    355 _RD	=	0x00b7
                    00B8    356 _PX0	=	0x00b8
                    00B9    357 _PT0	=	0x00b9
                    00BA    358 _PX1	=	0x00ba
                    00BB    359 _PT1	=	0x00bb
                    00BC    360 _PS	=	0x00bc
                    00D0    361 _P	=	0x00d0
                    00D1    362 _F1	=	0x00d1
                    00D2    363 _OV	=	0x00d2
                    00D3    364 _RS0	=	0x00d3
                    00D4    365 _RS1	=	0x00d4
                    00D5    366 _F0	=	0x00d5
                    00D6    367 _AC	=	0x00d6
                    00D7    368 _CY	=	0x00d7
                    00AD    369 _ET2	=	0x00ad
                    00BD    370 _PT2	=	0x00bd
                    00C8    371 _T2CON_0	=	0x00c8
                    00C9    372 _T2CON_1	=	0x00c9
                    00CA    373 _T2CON_2	=	0x00ca
                    00CB    374 _T2CON_3	=	0x00cb
                    00CC    375 _T2CON_4	=	0x00cc
                    00CD    376 _T2CON_5	=	0x00cd
                    00CE    377 _T2CON_6	=	0x00ce
                    00CF    378 _T2CON_7	=	0x00cf
                    00C8    379 _CP_RL2	=	0x00c8
                    00C9    380 _C_T2	=	0x00c9
                    00CA    381 _TR2	=	0x00ca
                    00CB    382 _EXEN2	=	0x00cb
                    00CC    383 _TCLK	=	0x00cc
                    00CD    384 _RCLK	=	0x00cd
                    00CE    385 _EXF2	=	0x00ce
                    00CF    386 _TF2	=	0x00cf
                    00DF    387 _CF	=	0x00df
                    00DE    388 _CR	=	0x00de
                    00DC    389 _CCF4	=	0x00dc
                    00DB    390 _CCF3	=	0x00db
                    00DA    391 _CCF2	=	0x00da
                    00D9    392 _CCF1	=	0x00d9
                    00D8    393 _CCF0	=	0x00d8
                    00AE    394 _EC	=	0x00ae
                    00BE    395 _PPCL	=	0x00be
                    00BD    396 _PT2L	=	0x00bd
                    00BC    397 _PLS	=	0x00bc
                    00BB    398 _PT1L	=	0x00bb
                    00BA    399 _PX1L	=	0x00ba
                    00B9    400 _PT0L	=	0x00b9
                    00B8    401 _PX0L	=	0x00b8
                    00C0    402 _P4_0	=	0x00c0
                    00C1    403 _P4_1	=	0x00c1
                    00C2    404 _P4_2	=	0x00c2
                    00C3    405 _P4_3	=	0x00c3
                    00C4    406 _P4_4	=	0x00c4
                    00C5    407 _P4_5	=	0x00c5
                    00C6    408 _P4_6	=	0x00c6
                    00C7    409 _P4_7	=	0x00c7
                    00D8    410 _P5_0	=	0x00d8
                    00D9    411 _P5_1	=	0x00d9
                    00DA    412 _P5_2	=	0x00da
                    00DB    413 _P5_3	=	0x00db
                    00DC    414 _P5_4	=	0x00dc
                    00DD    415 _P5_5	=	0x00dd
                    00DE    416 _P5_6	=	0x00de
                    00DF    417 _P5_7	=	0x00df
                            418 ;--------------------------------------------------------
                            419 ; overlayable register banks
                            420 ;--------------------------------------------------------
                            421 	.area REG_BANK_0	(REL,OVR,DATA)
   0000                     422 	.ds 8
                            423 ;--------------------------------------------------------
                            424 ; internal ram data
                            425 ;--------------------------------------------------------
                            426 	.area DSEG    (DATA)
                            427 ;--------------------------------------------------------
                            428 ; overlayable items in internal ram 
                            429 ;--------------------------------------------------------
                            430 	.area OSEG    (OVR,DATA)
                            431 ;--------------------------------------------------------
                            432 ; indirectly addressable internal ram data
                            433 ;--------------------------------------------------------
                            434 	.area ISEG    (DATA)
                            435 ;--------------------------------------------------------
                            436 ; bit data
                            437 ;--------------------------------------------------------
                            438 	.area BSEG    (BIT)
                            439 ;--------------------------------------------------------
                            440 ; paged external ram data
                            441 ;--------------------------------------------------------
                            442 	.area PSEG    (PAG,XDATA)
                            443 ;--------------------------------------------------------
                            444 ; external ram data
                            445 ;--------------------------------------------------------
                            446 	.area XSEG    (XDATA)
   0000                     447 _gps_read_c_1_1:
   0000                     448 	.ds 80
   0050                     449 _gps_read_d_1_1:
   0050                     450 	.ds 6
   0056                     451 _gps_read_x_1_1:
   0056                     452 	.ds 1
   0057                     453 _gps_time_s_1_1:
   0057                     454 	.ds 3
   005A                     455 _gps_time_temp_1_1:
   005A                     456 	.ds 14
   0068                     457 _gps_status_s_1_1:
   0068                     458 	.ds 3
   006B                     459 _gps_latitude_s_1_1:
   006B                     460 	.ds 3
   006E                     461 _gps_latitude_temp_1_1:
   006E                     462 	.ds 14
   007C                     463 _gps_longitude_s_1_1:
   007C                     464 	.ds 3
   007F                     465 _gps_longitude_temp_1_1:
   007F                     466 	.ds 14
   008D                     467 _gps_date_s_1_1:
   008D                     468 	.ds 3
   0090                     469 _gps_date_temp_1_1:
   0090                     470 	.ds 14
                            471 ;--------------------------------------------------------
                            472 ; external initialized ram data
                            473 ;--------------------------------------------------------
                            474 	.area XISEG   (XDATA)
                            475 	.area HOME    (CODE)
                            476 	.area GSINIT0 (CODE)
                            477 	.area GSINIT1 (CODE)
                            478 	.area GSINIT2 (CODE)
                            479 	.area GSINIT3 (CODE)
                            480 	.area GSINIT4 (CODE)
                            481 	.area GSINIT5 (CODE)
                            482 	.area GSINIT  (CODE)
                            483 	.area GSFINAL (CODE)
                            484 	.area CSEG    (CODE)
                            485 ;--------------------------------------------------------
                            486 ; global & static initialisations
                            487 ;--------------------------------------------------------
                            488 	.area HOME    (CODE)
                            489 	.area GSINIT  (CODE)
                            490 	.area GSFINAL (CODE)
                            491 	.area GSINIT  (CODE)
                            492 ;--------------------------------------------------------
                            493 ; Home
                            494 ;--------------------------------------------------------
                            495 	.area HOME    (CODE)
                            496 	.area CSEG    (CODE)
                            497 ;--------------------------------------------------------
                            498 ; code
                            499 ;--------------------------------------------------------
                            500 	.area CSEG    (CODE)
                            501 ;------------------------------------------------------------
                            502 ;Allocation info for local variables in function 'gps_read'
                            503 ;------------------------------------------------------------
                            504 ;c                         Allocated with name '_gps_read_c_1_1'
                            505 ;d                         Allocated with name '_gps_read_d_1_1'
                            506 ;p                         Allocated with name '_gps_read_p_1_1'
                            507 ;x                         Allocated with name '_gps_read_x_1_1'
                            508 ;i                         Allocated with name '_gps_read_i_1_1'
                            509 ;------------------------------------------------------------
                            510 ;	gps.c:20: char* gps_read()  __critical
                            511 ;	-----------------------------------------
                            512 ;	 function gps_read
                            513 ;	-----------------------------------------
   0000                     514 _gps_read:
                    0002    515 	ar2 = 0x02
                    0003    516 	ar3 = 0x03
                    0004    517 	ar4 = 0x04
                    0005    518 	ar5 = 0x05
                    0006    519 	ar6 = 0x06
                    0007    520 	ar7 = 0x07
                    0000    521 	ar0 = 0x00
                    0001    522 	ar1 = 0x01
   0000 D3                  523 	setb	c
   0001 10 AF 01            524 	jbc	ea,00109$
   0004 C3                  525 	clr	c
   0005                     526 00109$:
   0005 C0 D0               527 	push	psw
                            528 ;	gps.c:22: char c[80],d[6]="$GPRMC",*p,x=1;
                            529 ;	genPointerSet
                            530 ;     genFarPointerSet
   0007 90s00r50            531 	mov	dptr,#_gps_read_d_1_1
   000A 74 24               532 	mov	a,#0x24
   000C F0                  533 	movx	@dptr,a
                            534 ;	genPointerSet
                            535 ;     genFarPointerSet
   000D 90s00r51            536 	mov	dptr,#(_gps_read_d_1_1 + 0x0001)
   0010 74 47               537 	mov	a,#0x47
   0012 F0                  538 	movx	@dptr,a
                            539 ;	genPointerSet
                            540 ;     genFarPointerSet
   0013 90s00r52            541 	mov	dptr,#(_gps_read_d_1_1 + 0x0002)
   0016 74 50               542 	mov	a,#0x50
   0018 F0                  543 	movx	@dptr,a
                            544 ;	genPointerSet
                            545 ;     genFarPointerSet
   0019 90s00r53            546 	mov	dptr,#(_gps_read_d_1_1 + 0x0003)
   001C 74 52               547 	mov	a,#0x52
   001E F0                  548 	movx	@dptr,a
                            549 ;	genPointerSet
                            550 ;     genFarPointerSet
   001F 90s00r54            551 	mov	dptr,#(_gps_read_d_1_1 + 0x0004)
   0022 74 4D               552 	mov	a,#0x4D
   0024 F0                  553 	movx	@dptr,a
                            554 ;	genPointerSet
                            555 ;     genFarPointerSet
   0025 90s00r55            556 	mov	dptr,#(_gps_read_d_1_1 + 0x0005)
   0028 74 43               557 	mov	a,#0x43
   002A F0                  558 	movx	@dptr,a
                            559 ;	genAssign
   002B 90s00r56            560 	mov	dptr,#_gps_read_x_1_1
   002E 74 01               561 	mov	a,#0x01
   0030 F0                  562 	movx	@dptr,a
                            563 ;	gps.c:25: UART=0;
                            564 ;	genAssign
   0031 C2 94               565 	clr	_P1_4
                            566 ;	gps.c:26: delay_ms(100);
                            567 ;	genCall
                            568 ;	Peephole 182.b	used 16 bit load of dptr
   0033 90 00 64            569 	mov	dptr,#0x0064
   0036 12s00r00            570 	lcall	_delay_ms
                            571 ;	gps.c:28: while(x != '\n')
                            572 ;	genAssign
   0039 7A 00               573 	mov	r2,#0x00
   003B 7B 00               574 	mov	r3,#0x00
   003D                     575 00101$:
                            576 ;	genAssign
   003D 90s00r56            577 	mov	dptr,#_gps_read_x_1_1
   0040 E0                  578 	movx	a,@dptr
   0041 FC                  579 	mov	r4,a
                            580 ;	genCmpEq
                            581 ;	gencjneshort
   0042 BC 0A 02            582 	cjne	r4,#0x0A,00110$
                            583 ;	Peephole 112.b	changed ljmp to sjmp
   0045 80 25               584 	sjmp	00103$
   0047                     585 00110$:
                            586 ;	gps.c:30: x=getchar();
                            587 ;	genCall
   0047 C0 02               588 	push	ar2
   0049 C0 03               589 	push	ar3
   004B 12s00r00            590 	lcall	_getchar
   004E AC 82               591 	mov	r4,dpl
   0050 D0 03               592 	pop	ar3
   0052 D0 02               593 	pop	ar2
                            594 ;	genAssign
   0054 90s00r56            595 	mov	dptr,#_gps_read_x_1_1
   0057 EC                  596 	mov	a,r4
   0058 F0                  597 	movx	@dptr,a
                            598 ;	gps.c:31: *(c+i) = x;
                            599 ;	genPlus
                            600 ;	Peephole 236.g	used r2 instead of ar2
   0059 EA                  601 	mov	a,r2
   005A 24r00               602 	add	a,#_gps_read_c_1_1
   005C F5 82               603 	mov	dpl,a
                            604 ;	Peephole 236.g	used r3 instead of ar3
   005E EB                  605 	mov	a,r3
   005F 34s00               606 	addc	a,#(_gps_read_c_1_1 >> 8)
   0061 F5 83               607 	mov	dph,a
                            608 ;	genPointerSet
                            609 ;     genFarPointerSet
   0063 EC                  610 	mov	a,r4
   0064 F0                  611 	movx	@dptr,a
                            612 ;	gps.c:32: i++;
                            613 ;	genPlus
                            614 ;     genPlusIncr
                            615 ;	tail increment optimized (range 8)
   0065 0A                  616 	inc	r2
   0066 BA 00 D4            617 	cjne	r2,#0x00,00101$
   0069 0B                  618 	inc	r3
                            619 ;	Peephole 112.b	changed ljmp to sjmp
   006A 80 D1               620 	sjmp	00101$
   006C                     621 00103$:
                            622 ;	gps.c:35: delay_ms(50);
                            623 ;	genCall
                            624 ;	Peephole 182.b	used 16 bit load of dptr
   006C 90 00 32            625 	mov	dptr,#0x0032
   006F 12s00r00            626 	lcall	_delay_ms
                            627 ;	gps.c:36: UART=1;
                            628 ;	genAssign
   0072 D2 94               629 	setb	_P1_4
                            630 ;	gps.c:39: p=strstr(c,d);
                            631 ;	genCast
   0074 90s00r00            632 	mov	dptr,#_strstr_PARM_2
   0077 74r50               633 	mov	a,#_gps_read_d_1_1
   0079 F0                  634 	movx	@dptr,a
   007A A3                  635 	inc	dptr
   007B 74s00               636 	mov	a,#(_gps_read_d_1_1 >> 8)
   007D F0                  637 	movx	@dptr,a
   007E A3                  638 	inc	dptr
   007F 74 00               639 	mov	a,#0x0
   0081 F0                  640 	movx	@dptr,a
                            641 ;	genCall
                            642 ;	Peephole 182.a	used 16 bit load of DPTR
   0082 90s00r00            643 	mov	dptr,#_gps_read_c_1_1
   0085 75 F0 00            644 	mov	b,#0x00
   0088 12s00r00            645 	lcall	_strstr
                            646 ;	gps.c:41: return c;
                            647 ;	genRet
                            648 ;	Peephole 182.a	used 16 bit load of DPTR
   008B 90s00r00            649 	mov	dptr,#_gps_read_c_1_1
   008E 75 F0 00            650 	mov	b,#0x00
                            651 ;	Peephole 300	removed redundant label 00104$
   0091 D0 D0               652 	pop	psw
   0093 92 AF               653 	mov	ea,c
   0095 22                  654 	ret
                            655 ;------------------------------------------------------------
                            656 ;Allocation info for local variables in function 'gps_time'
                            657 ;------------------------------------------------------------
                            658 ;s                         Allocated with name '_gps_time_s_1_1'
                            659 ;temp                      Allocated with name '_gps_time_temp_1_1'
                            660 ;i                         Allocated with name '_gps_time_i_1_1'
                            661 ;j                         Allocated with name '_gps_time_j_1_1'
                            662 ;k                         Allocated with name '_gps_time_k_1_1'
                            663 ;------------------------------------------------------------
                            664 ;	gps.c:46: char* gps_time(char *s)
                            665 ;	-----------------------------------------
                            666 ;	 function gps_time
                            667 ;	-----------------------------------------
   0096                     668 _gps_time:
                            669 ;	genReceive
   0096 AA F0               670 	mov	r2,b
   0098 AB 83               671 	mov	r3,dph
   009A E5 82               672 	mov	a,dpl
   009C 90s00r57            673 	mov	dptr,#_gps_time_s_1_1
   009F F0                  674 	movx	@dptr,a
   00A0 A3                  675 	inc	dptr
   00A1 EB                  676 	mov	a,r3
   00A2 F0                  677 	movx	@dptr,a
   00A3 A3                  678 	inc	dptr
   00A4 EA                  679 	mov	a,r2
   00A5 F0                  680 	movx	@dptr,a
                            681 ;	gps.c:49: while(k<1)
                            682 ;	genAssign
   00A6 90s00r57            683 	mov	dptr,#_gps_time_s_1_1
   00A9 E0                  684 	movx	a,@dptr
   00AA FA                  685 	mov	r2,a
   00AB A3                  686 	inc	dptr
   00AC E0                  687 	movx	a,@dptr
   00AD FB                  688 	mov	r3,a
   00AE A3                  689 	inc	dptr
   00AF E0                  690 	movx	a,@dptr
   00B0 FC                  691 	mov	r4,a
                            692 ;	genAssign
   00B1 7D 00               693 	mov	r5,#0x00
                            694 ;	genAssign
   00B3 7E 00               695 	mov	r6,#0x00
   00B5                     696 00103$:
                            697 ;	genCmpLt
                            698 ;	genCmp
   00B5 C3                  699 	clr	c
   00B6 ED                  700 	mov	a,r5
   00B7 64 80               701 	xrl	a,#0x80
   00B9 94 81               702 	subb	a,#0x81
                            703 ;	genIfxJump
                            704 ;	Peephole 108.a	removed ljmp by inverse jump logic
   00BB 50 19               705 	jnc	00115$
                            706 ;	Peephole 300	removed redundant label 00118$
                            707 ;	gps.c:51: if(*(s+i)==','){k++;}
                            708 ;	genPlus
                            709 ;	Peephole 236.g	used r6 instead of ar6
   00BD EE                  710 	mov	a,r6
                            711 ;	Peephole 236.a	used r2 instead of ar2
   00BE 2A                  712 	add	a,r2
   00BF FF                  713 	mov	r7,a
                            714 ;	Peephole 181	changed mov to clr
   00C0 E4                  715 	clr	a
                            716 ;	Peephole 236.b	used r3 instead of ar3
   00C1 3B                  717 	addc	a,r3
   00C2 F8                  718 	mov	r0,a
   00C3 8C 01               719 	mov	ar1,r4
                            720 ;	genPointerGet
                            721 ;	genGenPointerGet
   00C5 8F 82               722 	mov	dpl,r7
   00C7 88 83               723 	mov	dph,r0
   00C9 89 F0               724 	mov	b,r1
   00CB 12s00r00            725 	lcall	__gptrget
   00CE FF                  726 	mov	r7,a
                            727 ;	genCmpEq
                            728 ;	gencjneshort
                            729 ;	Peephole 112.b	changed ljmp to sjmp
                            730 ;	Peephole 198.b	optimized misc jump sequence
   00CF BF 2C 01            731 	cjne	r7,#0x2C,00102$
                            732 ;	Peephole 200.b	removed redundant sjmp
                            733 ;	Peephole 300	removed redundant label 00119$
                            734 ;	Peephole 300	removed redundant label 00120$
                            735 ;	genPlus
                            736 ;     genPlusIncr
   00D2 0D                  737 	inc	r5
   00D3                     738 00102$:
                            739 ;	gps.c:52: i++;
                            740 ;	genPlus
                            741 ;     genPlusIncr
   00D3 0E                  742 	inc	r6
                            743 ;	gps.c:55: while(*(s+i)!= ',')
                            744 ;	Peephole 112.b	changed ljmp to sjmp
   00D4 80 DF               745 	sjmp	00103$
   00D6                     746 00115$:
                            747 ;	genAssign
   00D6 90s00r57            748 	mov	dptr,#_gps_time_s_1_1
   00D9 E0                  749 	movx	a,@dptr
   00DA FA                  750 	mov	r2,a
   00DB A3                  751 	inc	dptr
   00DC E0                  752 	movx	a,@dptr
   00DD FB                  753 	mov	r3,a
   00DE A3                  754 	inc	dptr
   00DF E0                  755 	movx	a,@dptr
   00E0 FC                  756 	mov	r4,a
                            757 ;	genAssign
   00E1 7D 00               758 	mov	r5,#0x00
                            759 ;	genAssign
   00E3                     760 00106$:
                            761 ;	genPlus
                            762 ;	Peephole 236.g	used r6 instead of ar6
   00E3 EE                  763 	mov	a,r6
                            764 ;	Peephole 236.a	used r2 instead of ar2
   00E4 2A                  765 	add	a,r2
   00E5 FF                  766 	mov	r7,a
                            767 ;	Peephole 181	changed mov to clr
   00E6 E4                  768 	clr	a
                            769 ;	Peephole 236.b	used r3 instead of ar3
   00E7 3B                  770 	addc	a,r3
   00E8 F8                  771 	mov	r0,a
   00E9 8C 01               772 	mov	ar1,r4
                            773 ;	genPointerGet
                            774 ;	genGenPointerGet
   00EB 8F 82               775 	mov	dpl,r7
   00ED 88 83               776 	mov	dph,r0
   00EF 89 F0               777 	mov	b,r1
   00F1 12s00r00            778 	lcall	__gptrget
   00F4 FF                  779 	mov	r7,a
                            780 ;	genCmpEq
                            781 ;	gencjneshort
   00F5 BF 2C 02            782 	cjne	r7,#0x2C,00121$
                            783 ;	Peephole 112.b	changed ljmp to sjmp
   00F8 80 10               784 	sjmp	00108$
   00FA                     785 00121$:
                            786 ;	gps.c:57: temp[j]=*(s+i);
                            787 ;	genPlus
                            788 ;	Peephole 236.g	used r5 instead of ar5
   00FA ED                  789 	mov	a,r5
   00FB 24r5A               790 	add	a,#_gps_time_temp_1_1
   00FD F5 82               791 	mov	dpl,a
                            792 ;	Peephole 181	changed mov to clr
   00FF E4                  793 	clr	a
   0100 34s00               794 	addc	a,#(_gps_time_temp_1_1 >> 8)
   0102 F5 83               795 	mov	dph,a
                            796 ;	genPointerSet
                            797 ;     genFarPointerSet
   0104 EF                  798 	mov	a,r7
   0105 F0                  799 	movx	@dptr,a
                            800 ;	gps.c:58: j++;i++;
                            801 ;	genPlus
                            802 ;     genPlusIncr
   0106 0D                  803 	inc	r5
                            804 ;	genPlus
                            805 ;     genPlusIncr
   0107 0E                  806 	inc	r6
                            807 ;	Peephole 112.b	changed ljmp to sjmp
   0108 80 D9               808 	sjmp	00106$
   010A                     809 00108$:
                            810 ;	gps.c:61: return temp;
                            811 ;	genRet
                            812 ;	Peephole 182.a	used 16 bit load of DPTR
   010A 90s00r5A            813 	mov	dptr,#_gps_time_temp_1_1
   010D 75 F0 00            814 	mov	b,#0x00
                            815 ;	Peephole 300	removed redundant label 00109$
   0110 22                  816 	ret
                            817 ;------------------------------------------------------------
                            818 ;Allocation info for local variables in function 'gps_status'
                            819 ;------------------------------------------------------------
                            820 ;s                         Allocated with name '_gps_status_s_1_1'
                            821 ;i                         Allocated with name '_gps_status_i_1_1'
                            822 ;j                         Allocated with name '_gps_status_j_1_1'
                            823 ;k                         Allocated with name '_gps_status_k_1_1'
                            824 ;------------------------------------------------------------
                            825 ;	gps.c:65: char gps_status(char *s)
                            826 ;	-----------------------------------------
                            827 ;	 function gps_status
                            828 ;	-----------------------------------------
   0111                     829 _gps_status:
                            830 ;	genReceive
   0111 AA F0               831 	mov	r2,b
   0113 AB 83               832 	mov	r3,dph
   0115 E5 82               833 	mov	a,dpl
   0117 90s00r68            834 	mov	dptr,#_gps_status_s_1_1
   011A F0                  835 	movx	@dptr,a
   011B A3                  836 	inc	dptr
   011C EB                  837 	mov	a,r3
   011D F0                  838 	movx	@dptr,a
   011E A3                  839 	inc	dptr
   011F EA                  840 	mov	a,r2
   0120 F0                  841 	movx	@dptr,a
                            842 ;	gps.c:68: while(k<2)
                            843 ;	genAssign
   0121 90s00r68            844 	mov	dptr,#_gps_status_s_1_1
   0124 E0                  845 	movx	a,@dptr
   0125 FA                  846 	mov	r2,a
   0126 A3                  847 	inc	dptr
   0127 E0                  848 	movx	a,@dptr
   0128 FB                  849 	mov	r3,a
   0129 A3                  850 	inc	dptr
   012A E0                  851 	movx	a,@dptr
   012B FC                  852 	mov	r4,a
                            853 ;	genAssign
   012C 7D 00               854 	mov	r5,#0x00
                            855 ;	genAssign
   012E 7E 00               856 	mov	r6,#0x00
   0130                     857 00103$:
                            858 ;	genCmpLt
                            859 ;	genCmp
   0130 C3                  860 	clr	c
   0131 ED                  861 	mov	a,r5
   0132 64 80               862 	xrl	a,#0x80
   0134 94 82               863 	subb	a,#0x82
                            864 ;	genIfxJump
                            865 ;	Peephole 108.a	removed ljmp by inverse jump logic
   0136 50 19               866 	jnc	00105$
                            867 ;	Peephole 300	removed redundant label 00112$
                            868 ;	gps.c:70: if(*(s+i)==','){k++;}
                            869 ;	genPlus
                            870 ;	Peephole 236.g	used r6 instead of ar6
   0138 EE                  871 	mov	a,r6
                            872 ;	Peephole 236.a	used r2 instead of ar2
   0139 2A                  873 	add	a,r2
   013A FF                  874 	mov	r7,a
                            875 ;	Peephole 181	changed mov to clr
   013B E4                  876 	clr	a
                            877 ;	Peephole 236.b	used r3 instead of ar3
   013C 3B                  878 	addc	a,r3
   013D F8                  879 	mov	r0,a
   013E 8C 01               880 	mov	ar1,r4
                            881 ;	genPointerGet
                            882 ;	genGenPointerGet
   0140 8F 82               883 	mov	dpl,r7
   0142 88 83               884 	mov	dph,r0
   0144 89 F0               885 	mov	b,r1
   0146 12s00r00            886 	lcall	__gptrget
   0149 FF                  887 	mov	r7,a
                            888 ;	genCmpEq
                            889 ;	gencjneshort
                            890 ;	Peephole 112.b	changed ljmp to sjmp
                            891 ;	Peephole 198.b	optimized misc jump sequence
   014A BF 2C 01            892 	cjne	r7,#0x2C,00102$
                            893 ;	Peephole 200.b	removed redundant sjmp
                            894 ;	Peephole 300	removed redundant label 00113$
                            895 ;	Peephole 300	removed redundant label 00114$
                            896 ;	genPlus
                            897 ;     genPlusIncr
   014D 0D                  898 	inc	r5
   014E                     899 00102$:
                            900 ;	gps.c:71: i++;
                            901 ;	genPlus
                            902 ;     genPlusIncr
   014E 0E                  903 	inc	r6
                            904 ;	Peephole 112.b	changed ljmp to sjmp
   014F 80 DF               905 	sjmp	00103$
   0151                     906 00105$:
                            907 ;	gps.c:73: return *(s+i);
                            908 ;	genAssign
   0151 90s00r68            909 	mov	dptr,#_gps_status_s_1_1
   0154 E0                  910 	movx	a,@dptr
   0155 FA                  911 	mov	r2,a
   0156 A3                  912 	inc	dptr
   0157 E0                  913 	movx	a,@dptr
   0158 FB                  914 	mov	r3,a
   0159 A3                  915 	inc	dptr
   015A E0                  916 	movx	a,@dptr
   015B FC                  917 	mov	r4,a
                            918 ;	genPlus
                            919 ;	Peephole 236.g	used r6 instead of ar6
   015C EE                  920 	mov	a,r6
                            921 ;	Peephole 236.a	used r2 instead of ar2
   015D 2A                  922 	add	a,r2
   015E FE                  923 	mov	r6,a
                            924 ;	Peephole 181	changed mov to clr
   015F E4                  925 	clr	a
                            926 ;	Peephole 236.b	used r3 instead of ar3
   0160 3B                  927 	addc	a,r3
   0161 FD                  928 	mov	r5,a
   0162 8C 07               929 	mov	ar7,r4
                            930 ;	genPointerGet
                            931 ;	genGenPointerGet
   0164 8E 82               932 	mov	dpl,r6
   0166 8D 83               933 	mov	dph,r5
   0168 8F F0               934 	mov	b,r7
   016A 12s00r00            935 	lcall	__gptrget
                            936 ;	genRet
                            937 ;	Peephole 234.a	loading dpl directly from a(ccumulator), r6 not set
   016D F5 82               938 	mov	dpl,a
                            939 ;	Peephole 300	removed redundant label 00106$
   016F 22                  940 	ret
                            941 ;------------------------------------------------------------
                            942 ;Allocation info for local variables in function 'gps_latitude'
                            943 ;------------------------------------------------------------
                            944 ;s                         Allocated with name '_gps_latitude_s_1_1'
                            945 ;temp                      Allocated with name '_gps_latitude_temp_1_1'
                            946 ;i                         Allocated with name '_gps_latitude_i_1_1'
                            947 ;j                         Allocated with name '_gps_latitude_j_1_1'
                            948 ;k                         Allocated with name '_gps_latitude_k_1_1'
                            949 ;------------------------------------------------------------
                            950 ;	gps.c:77: char* gps_latitude(char *s)
                            951 ;	-----------------------------------------
                            952 ;	 function gps_latitude
                            953 ;	-----------------------------------------
   0170                     954 _gps_latitude:
                            955 ;	genReceive
   0170 AA F0               956 	mov	r2,b
   0172 AB 83               957 	mov	r3,dph
   0174 E5 82               958 	mov	a,dpl
   0176 90s00r6B            959 	mov	dptr,#_gps_latitude_s_1_1
   0179 F0                  960 	movx	@dptr,a
   017A A3                  961 	inc	dptr
   017B EB                  962 	mov	a,r3
   017C F0                  963 	movx	@dptr,a
   017D A3                  964 	inc	dptr
   017E EA                  965 	mov	a,r2
   017F F0                  966 	movx	@dptr,a
                            967 ;	gps.c:80: while(k<3)
                            968 ;	genAssign
   0180 90s00r6B            969 	mov	dptr,#_gps_latitude_s_1_1
   0183 E0                  970 	movx	a,@dptr
   0184 FA                  971 	mov	r2,a
   0185 A3                  972 	inc	dptr
   0186 E0                  973 	movx	a,@dptr
   0187 FB                  974 	mov	r3,a
   0188 A3                  975 	inc	dptr
   0189 E0                  976 	movx	a,@dptr
   018A FC                  977 	mov	r4,a
                            978 ;	genAssign
   018B 7D 00               979 	mov	r5,#0x00
                            980 ;	genAssign
   018D 7E 00               981 	mov	r6,#0x00
   018F                     982 00103$:
                            983 ;	genCmpLt
                            984 ;	genCmp
   018F C3                  985 	clr	c
   0190 ED                  986 	mov	a,r5
   0191 64 80               987 	xrl	a,#0x80
   0193 94 83               988 	subb	a,#0x83
                            989 ;	genIfxJump
                            990 ;	Peephole 108.a	removed ljmp by inverse jump logic
   0195 50 19               991 	jnc	00115$
                            992 ;	Peephole 300	removed redundant label 00118$
                            993 ;	gps.c:82: if(*(s+i)==','){k++;}
                            994 ;	genPlus
                            995 ;	Peephole 236.g	used r6 instead of ar6
   0197 EE                  996 	mov	a,r6
                            997 ;	Peephole 236.a	used r2 instead of ar2
   0198 2A                  998 	add	a,r2
   0199 FF                  999 	mov	r7,a
                           1000 ;	Peephole 181	changed mov to clr
   019A E4                 1001 	clr	a
                           1002 ;	Peephole 236.b	used r3 instead of ar3
   019B 3B                 1003 	addc	a,r3
   019C F8                 1004 	mov	r0,a
   019D 8C 01              1005 	mov	ar1,r4
                           1006 ;	genPointerGet
                           1007 ;	genGenPointerGet
   019F 8F 82              1008 	mov	dpl,r7
   01A1 88 83              1009 	mov	dph,r0
   01A3 89 F0              1010 	mov	b,r1
   01A5 12s00r00           1011 	lcall	__gptrget
   01A8 FF                 1012 	mov	r7,a
                           1013 ;	genCmpEq
                           1014 ;	gencjneshort
                           1015 ;	Peephole 112.b	changed ljmp to sjmp
                           1016 ;	Peephole 198.b	optimized misc jump sequence
   01A9 BF 2C 01           1017 	cjne	r7,#0x2C,00102$
                           1018 ;	Peephole 200.b	removed redundant sjmp
                           1019 ;	Peephole 300	removed redundant label 00119$
                           1020 ;	Peephole 300	removed redundant label 00120$
                           1021 ;	genPlus
                           1022 ;     genPlusIncr
   01AC 0D                 1023 	inc	r5
   01AD                    1024 00102$:
                           1025 ;	gps.c:83: i++;
                           1026 ;	genPlus
                           1027 ;     genPlusIncr
   01AD 0E                 1028 	inc	r6
                           1029 ;	gps.c:86: while(*(s+i)!= ',')
                           1030 ;	Peephole 112.b	changed ljmp to sjmp
   01AE 80 DF              1031 	sjmp	00103$
   01B0                    1032 00115$:
                           1033 ;	genAssign
   01B0 90s00r6B           1034 	mov	dptr,#_gps_latitude_s_1_1
   01B3 E0                 1035 	movx	a,@dptr
   01B4 FA                 1036 	mov	r2,a
   01B5 A3                 1037 	inc	dptr
   01B6 E0                 1038 	movx	a,@dptr
   01B7 FB                 1039 	mov	r3,a
   01B8 A3                 1040 	inc	dptr
   01B9 E0                 1041 	movx	a,@dptr
   01BA FC                 1042 	mov	r4,a
                           1043 ;	genAssign
   01BB 7D 00              1044 	mov	r5,#0x00
                           1045 ;	genAssign
   01BD                    1046 00106$:
                           1047 ;	genPlus
                           1048 ;	Peephole 236.g	used r6 instead of ar6
   01BD EE                 1049 	mov	a,r6
                           1050 ;	Peephole 236.a	used r2 instead of ar2
   01BE 2A                 1051 	add	a,r2
   01BF FF                 1052 	mov	r7,a
                           1053 ;	Peephole 181	changed mov to clr
   01C0 E4                 1054 	clr	a
                           1055 ;	Peephole 236.b	used r3 instead of ar3
   01C1 3B                 1056 	addc	a,r3
   01C2 F8                 1057 	mov	r0,a
   01C3 8C 01              1058 	mov	ar1,r4
                           1059 ;	genPointerGet
                           1060 ;	genGenPointerGet
   01C5 8F 82              1061 	mov	dpl,r7
   01C7 88 83              1062 	mov	dph,r0
   01C9 89 F0              1063 	mov	b,r1
   01CB 12s00r00           1064 	lcall	__gptrget
   01CE FF                 1065 	mov	r7,a
                           1066 ;	genCmpEq
                           1067 ;	gencjneshort
   01CF BF 2C 02           1068 	cjne	r7,#0x2C,00121$
                           1069 ;	Peephole 112.b	changed ljmp to sjmp
   01D2 80 10              1070 	sjmp	00108$
   01D4                    1071 00121$:
                           1072 ;	gps.c:88: temp[j]=*(s+i);
                           1073 ;	genPlus
                           1074 ;	Peephole 236.g	used r5 instead of ar5
   01D4 ED                 1075 	mov	a,r5
   01D5 24r6E              1076 	add	a,#_gps_latitude_temp_1_1
   01D7 F5 82              1077 	mov	dpl,a
                           1078 ;	Peephole 181	changed mov to clr
   01D9 E4                 1079 	clr	a
   01DA 34s00              1080 	addc	a,#(_gps_latitude_temp_1_1 >> 8)
   01DC F5 83              1081 	mov	dph,a
                           1082 ;	genPointerSet
                           1083 ;     genFarPointerSet
   01DE EF                 1084 	mov	a,r7
   01DF F0                 1085 	movx	@dptr,a
                           1086 ;	gps.c:89: j++;i++;
                           1087 ;	genPlus
                           1088 ;     genPlusIncr
   01E0 0D                 1089 	inc	r5
                           1090 ;	genPlus
                           1091 ;     genPlusIncr
   01E1 0E                 1092 	inc	r6
                           1093 ;	Peephole 112.b	changed ljmp to sjmp
   01E2 80 D9              1094 	sjmp	00106$
   01E4                    1095 00108$:
                           1096 ;	gps.c:91: i++;
                           1097 ;	genPlus
                           1098 ;     genPlusIncr
   01E4 0E                 1099 	inc	r6
                           1100 ;	gps.c:94: temp[j]=*(s+i);
                           1101 ;	genPlus
                           1102 ;	Peephole 236.g	used r5 instead of ar5
   01E5 ED                 1103 	mov	a,r5
   01E6 24r6E              1104 	add	a,#_gps_latitude_temp_1_1
   01E8 FD                 1105 	mov	r5,a
                           1106 ;	Peephole 181	changed mov to clr
   01E9 E4                 1107 	clr	a
   01EA 34s00              1108 	addc	a,#(_gps_latitude_temp_1_1 >> 8)
   01EC FF                 1109 	mov	r7,a
                           1110 ;	genPlus
                           1111 ;	Peephole 236.g	used r6 instead of ar6
   01ED EE                 1112 	mov	a,r6
                           1113 ;	Peephole 236.a	used r2 instead of ar2
   01EE 2A                 1114 	add	a,r2
   01EF FA                 1115 	mov	r2,a
                           1116 ;	Peephole 181	changed mov to clr
   01F0 E4                 1117 	clr	a
                           1118 ;	Peephole 236.b	used r3 instead of ar3
   01F1 3B                 1119 	addc	a,r3
   01F2 FB                 1120 	mov	r3,a
                           1121 ;	genPointerGet
                           1122 ;	genGenPointerGet
   01F3 8A 82              1123 	mov	dpl,r2
   01F5 8B 83              1124 	mov	dph,r3
   01F7 8C F0              1125 	mov	b,r4
   01F9 12s00r00           1126 	lcall	__gptrget
                           1127 ;	genPointerSet
                           1128 ;     genFarPointerSet
   01FC FA                 1129 	mov	r2,a
   01FD 8D 82              1130 	mov	dpl,r5
   01FF 8F 83              1131 	mov	dph,r7
                           1132 ;	Peephole 136	removed redundant move
   0201 F0                 1133 	movx	@dptr,a
                           1134 ;	gps.c:96: return temp;
                           1135 ;	genRet
                           1136 ;	Peephole 182.a	used 16 bit load of DPTR
   0202 90s00r6E           1137 	mov	dptr,#_gps_latitude_temp_1_1
   0205 75 F0 00           1138 	mov	b,#0x00
                           1139 ;	Peephole 300	removed redundant label 00109$
   0208 22                 1140 	ret
                           1141 ;------------------------------------------------------------
                           1142 ;Allocation info for local variables in function 'gps_longitude'
                           1143 ;------------------------------------------------------------
                           1144 ;s                         Allocated with name '_gps_longitude_s_1_1'
                           1145 ;temp                      Allocated with name '_gps_longitude_temp_1_1'
                           1146 ;i                         Allocated with name '_gps_longitude_i_1_1'
                           1147 ;j                         Allocated with name '_gps_longitude_j_1_1'
                           1148 ;k                         Allocated with name '_gps_longitude_k_1_1'
                           1149 ;------------------------------------------------------------
                           1150 ;	gps.c:101: char* gps_longitude(char *s)
                           1151 ;	-----------------------------------------
                           1152 ;	 function gps_longitude
                           1153 ;	-----------------------------------------
   0209                    1154 _gps_longitude:
                           1155 ;	genReceive
   0209 AA F0              1156 	mov	r2,b
   020B AB 83              1157 	mov	r3,dph
   020D E5 82              1158 	mov	a,dpl
   020F 90s00r7C           1159 	mov	dptr,#_gps_longitude_s_1_1
   0212 F0                 1160 	movx	@dptr,a
   0213 A3                 1161 	inc	dptr
   0214 EB                 1162 	mov	a,r3
   0215 F0                 1163 	movx	@dptr,a
   0216 A3                 1164 	inc	dptr
   0217 EA                 1165 	mov	a,r2
   0218 F0                 1166 	movx	@dptr,a
                           1167 ;	gps.c:104: while(k<5)
                           1168 ;	genAssign
   0219 90s00r7C           1169 	mov	dptr,#_gps_longitude_s_1_1
   021C E0                 1170 	movx	a,@dptr
   021D FA                 1171 	mov	r2,a
   021E A3                 1172 	inc	dptr
   021F E0                 1173 	movx	a,@dptr
   0220 FB                 1174 	mov	r3,a
   0221 A3                 1175 	inc	dptr
   0222 E0                 1176 	movx	a,@dptr
   0223 FC                 1177 	mov	r4,a
                           1178 ;	genAssign
   0224 7D 00              1179 	mov	r5,#0x00
                           1180 ;	genAssign
   0226 7E 00              1181 	mov	r6,#0x00
   0228                    1182 00103$:
                           1183 ;	genCmpLt
                           1184 ;	genCmp
   0228 C3                 1185 	clr	c
   0229 ED                 1186 	mov	a,r5
   022A 64 80              1187 	xrl	a,#0x80
   022C 94 85              1188 	subb	a,#0x85
                           1189 ;	genIfxJump
                           1190 ;	Peephole 108.a	removed ljmp by inverse jump logic
   022E 50 19              1191 	jnc	00115$
                           1192 ;	Peephole 300	removed redundant label 00118$
                           1193 ;	gps.c:106: if(*(s+i)==','){k++;}
                           1194 ;	genPlus
                           1195 ;	Peephole 236.g	used r6 instead of ar6
   0230 EE                 1196 	mov	a,r6
                           1197 ;	Peephole 236.a	used r2 instead of ar2
   0231 2A                 1198 	add	a,r2
   0232 FF                 1199 	mov	r7,a
                           1200 ;	Peephole 181	changed mov to clr
   0233 E4                 1201 	clr	a
                           1202 ;	Peephole 236.b	used r3 instead of ar3
   0234 3B                 1203 	addc	a,r3
   0235 F8                 1204 	mov	r0,a
   0236 8C 01              1205 	mov	ar1,r4
                           1206 ;	genPointerGet
                           1207 ;	genGenPointerGet
   0238 8F 82              1208 	mov	dpl,r7
   023A 88 83              1209 	mov	dph,r0
   023C 89 F0              1210 	mov	b,r1
   023E 12s00r00           1211 	lcall	__gptrget
   0241 FF                 1212 	mov	r7,a
                           1213 ;	genCmpEq
                           1214 ;	gencjneshort
                           1215 ;	Peephole 112.b	changed ljmp to sjmp
                           1216 ;	Peephole 198.b	optimized misc jump sequence
   0242 BF 2C 01           1217 	cjne	r7,#0x2C,00102$
                           1218 ;	Peephole 200.b	removed redundant sjmp
                           1219 ;	Peephole 300	removed redundant label 00119$
                           1220 ;	Peephole 300	removed redundant label 00120$
                           1221 ;	genPlus
                           1222 ;     genPlusIncr
   0245 0D                 1223 	inc	r5
   0246                    1224 00102$:
                           1225 ;	gps.c:107: i++;
                           1226 ;	genPlus
                           1227 ;     genPlusIncr
   0246 0E                 1228 	inc	r6
                           1229 ;	gps.c:110: while(*(s+i)!= ',')
                           1230 ;	Peephole 112.b	changed ljmp to sjmp
   0247 80 DF              1231 	sjmp	00103$
   0249                    1232 00115$:
                           1233 ;	genAssign
   0249 90s00r7C           1234 	mov	dptr,#_gps_longitude_s_1_1
   024C E0                 1235 	movx	a,@dptr
   024D FA                 1236 	mov	r2,a
   024E A3                 1237 	inc	dptr
   024F E0                 1238 	movx	a,@dptr
   0250 FB                 1239 	mov	r3,a
   0251 A3                 1240 	inc	dptr
   0252 E0                 1241 	movx	a,@dptr
   0253 FC                 1242 	mov	r4,a
                           1243 ;	genAssign
   0254 7D 00              1244 	mov	r5,#0x00
                           1245 ;	genAssign
   0256                    1246 00106$:
                           1247 ;	genPlus
                           1248 ;	Peephole 236.g	used r6 instead of ar6
   0256 EE                 1249 	mov	a,r6
                           1250 ;	Peephole 236.a	used r2 instead of ar2
   0257 2A                 1251 	add	a,r2
   0258 FF                 1252 	mov	r7,a
                           1253 ;	Peephole 181	changed mov to clr
   0259 E4                 1254 	clr	a
                           1255 ;	Peephole 236.b	used r3 instead of ar3
   025A 3B                 1256 	addc	a,r3
   025B F8                 1257 	mov	r0,a
   025C 8C 01              1258 	mov	ar1,r4
                           1259 ;	genPointerGet
                           1260 ;	genGenPointerGet
   025E 8F 82              1261 	mov	dpl,r7
   0260 88 83              1262 	mov	dph,r0
   0262 89 F0              1263 	mov	b,r1
   0264 12s00r00           1264 	lcall	__gptrget
   0267 FF                 1265 	mov	r7,a
                           1266 ;	genCmpEq
                           1267 ;	gencjneshort
   0268 BF 2C 02           1268 	cjne	r7,#0x2C,00121$
                           1269 ;	Peephole 112.b	changed ljmp to sjmp
   026B 80 10              1270 	sjmp	00108$
   026D                    1271 00121$:
                           1272 ;	gps.c:112: temp[j]=*(s+i);
                           1273 ;	genPlus
                           1274 ;	Peephole 236.g	used r5 instead of ar5
   026D ED                 1275 	mov	a,r5
   026E 24r7F              1276 	add	a,#_gps_longitude_temp_1_1
   0270 F5 82              1277 	mov	dpl,a
                           1278 ;	Peephole 181	changed mov to clr
   0272 E4                 1279 	clr	a
   0273 34s00              1280 	addc	a,#(_gps_longitude_temp_1_1 >> 8)
   0275 F5 83              1281 	mov	dph,a
                           1282 ;	genPointerSet
                           1283 ;     genFarPointerSet
   0277 EF                 1284 	mov	a,r7
   0278 F0                 1285 	movx	@dptr,a
                           1286 ;	gps.c:113: j++;i++;
                           1287 ;	genPlus
                           1288 ;     genPlusIncr
   0279 0D                 1289 	inc	r5
                           1290 ;	genPlus
                           1291 ;     genPlusIncr
   027A 0E                 1292 	inc	r6
                           1293 ;	Peephole 112.b	changed ljmp to sjmp
   027B 80 D9              1294 	sjmp	00106$
   027D                    1295 00108$:
                           1296 ;	gps.c:115: i++;
                           1297 ;	genPlus
                           1298 ;     genPlusIncr
   027D 0E                 1299 	inc	r6
                           1300 ;	gps.c:118: temp[j]=*(s+i);
                           1301 ;	genPlus
                           1302 ;	Peephole 236.g	used r5 instead of ar5
   027E ED                 1303 	mov	a,r5
   027F 24r7F              1304 	add	a,#_gps_longitude_temp_1_1
   0281 FD                 1305 	mov	r5,a
                           1306 ;	Peephole 181	changed mov to clr
   0282 E4                 1307 	clr	a
   0283 34s00              1308 	addc	a,#(_gps_longitude_temp_1_1 >> 8)
   0285 FF                 1309 	mov	r7,a
                           1310 ;	genPlus
                           1311 ;	Peephole 236.g	used r6 instead of ar6
   0286 EE                 1312 	mov	a,r6
                           1313 ;	Peephole 236.a	used r2 instead of ar2
   0287 2A                 1314 	add	a,r2
   0288 FA                 1315 	mov	r2,a
                           1316 ;	Peephole 181	changed mov to clr
   0289 E4                 1317 	clr	a
                           1318 ;	Peephole 236.b	used r3 instead of ar3
   028A 3B                 1319 	addc	a,r3
   028B FB                 1320 	mov	r3,a
                           1321 ;	genPointerGet
                           1322 ;	genGenPointerGet
   028C 8A 82              1323 	mov	dpl,r2
   028E 8B 83              1324 	mov	dph,r3
   0290 8C F0              1325 	mov	b,r4
   0292 12s00r00           1326 	lcall	__gptrget
                           1327 ;	genPointerSet
                           1328 ;     genFarPointerSet
   0295 FA                 1329 	mov	r2,a
   0296 8D 82              1330 	mov	dpl,r5
   0298 8F 83              1331 	mov	dph,r7
                           1332 ;	Peephole 136	removed redundant move
   029A F0                 1333 	movx	@dptr,a
                           1334 ;	gps.c:120: return temp;
                           1335 ;	genRet
                           1336 ;	Peephole 182.a	used 16 bit load of DPTR
   029B 90s00r7F           1337 	mov	dptr,#_gps_longitude_temp_1_1
   029E 75 F0 00           1338 	mov	b,#0x00
                           1339 ;	Peephole 300	removed redundant label 00109$
   02A1 22                 1340 	ret
                           1341 ;------------------------------------------------------------
                           1342 ;Allocation info for local variables in function 'gps_date'
                           1343 ;------------------------------------------------------------
                           1344 ;s                         Allocated with name '_gps_date_s_1_1'
                           1345 ;temp                      Allocated with name '_gps_date_temp_1_1'
                           1346 ;i                         Allocated with name '_gps_date_i_1_1'
                           1347 ;j                         Allocated with name '_gps_date_j_1_1'
                           1348 ;k                         Allocated with name '_gps_date_k_1_1'
                           1349 ;------------------------------------------------------------
                           1350 ;	gps.c:125: char* gps_date(char *s)
                           1351 ;	-----------------------------------------
                           1352 ;	 function gps_date
                           1353 ;	-----------------------------------------
   02A2                    1354 _gps_date:
                           1355 ;	genReceive
   02A2 AA F0              1356 	mov	r2,b
   02A4 AB 83              1357 	mov	r3,dph
   02A6 E5 82              1358 	mov	a,dpl
   02A8 90s00r8D           1359 	mov	dptr,#_gps_date_s_1_1
   02AB F0                 1360 	movx	@dptr,a
   02AC A3                 1361 	inc	dptr
   02AD EB                 1362 	mov	a,r3
   02AE F0                 1363 	movx	@dptr,a
   02AF A3                 1364 	inc	dptr
   02B0 EA                 1365 	mov	a,r2
   02B1 F0                 1366 	movx	@dptr,a
                           1367 ;	gps.c:128: while(k<9)
                           1368 ;	genAssign
   02B2 90s00r8D           1369 	mov	dptr,#_gps_date_s_1_1
   02B5 E0                 1370 	movx	a,@dptr
   02B6 FA                 1371 	mov	r2,a
   02B7 A3                 1372 	inc	dptr
   02B8 E0                 1373 	movx	a,@dptr
   02B9 FB                 1374 	mov	r3,a
   02BA A3                 1375 	inc	dptr
   02BB E0                 1376 	movx	a,@dptr
   02BC FC                 1377 	mov	r4,a
                           1378 ;	genAssign
   02BD 7D 00              1379 	mov	r5,#0x00
                           1380 ;	genAssign
   02BF 7E 00              1381 	mov	r6,#0x00
   02C1                    1382 00103$:
                           1383 ;	genCmpLt
                           1384 ;	genCmp
   02C1 C3                 1385 	clr	c
   02C2 ED                 1386 	mov	a,r5
   02C3 64 80              1387 	xrl	a,#0x80
   02C5 94 89              1388 	subb	a,#0x89
                           1389 ;	genIfxJump
                           1390 ;	Peephole 108.a	removed ljmp by inverse jump logic
   02C7 50 19              1391 	jnc	00115$
                           1392 ;	Peephole 300	removed redundant label 00118$
                           1393 ;	gps.c:130: if(*(s+i)==','){k++;}
                           1394 ;	genPlus
                           1395 ;	Peephole 236.g	used r6 instead of ar6
   02C9 EE                 1396 	mov	a,r6
                           1397 ;	Peephole 236.a	used r2 instead of ar2
   02CA 2A                 1398 	add	a,r2
   02CB FF                 1399 	mov	r7,a
                           1400 ;	Peephole 181	changed mov to clr
   02CC E4                 1401 	clr	a
                           1402 ;	Peephole 236.b	used r3 instead of ar3
   02CD 3B                 1403 	addc	a,r3
   02CE F8                 1404 	mov	r0,a
   02CF 8C 01              1405 	mov	ar1,r4
                           1406 ;	genPointerGet
                           1407 ;	genGenPointerGet
   02D1 8F 82              1408 	mov	dpl,r7
   02D3 88 83              1409 	mov	dph,r0
   02D5 89 F0              1410 	mov	b,r1
   02D7 12s00r00           1411 	lcall	__gptrget
   02DA FF                 1412 	mov	r7,a
                           1413 ;	genCmpEq
                           1414 ;	gencjneshort
                           1415 ;	Peephole 112.b	changed ljmp to sjmp
                           1416 ;	Peephole 198.b	optimized misc jump sequence
   02DB BF 2C 01           1417 	cjne	r7,#0x2C,00102$
                           1418 ;	Peephole 200.b	removed redundant sjmp
                           1419 ;	Peephole 300	removed redundant label 00119$
                           1420 ;	Peephole 300	removed redundant label 00120$
                           1421 ;	genPlus
                           1422 ;     genPlusIncr
   02DE 0D                 1423 	inc	r5
   02DF                    1424 00102$:
                           1425 ;	gps.c:131: i++;
                           1426 ;	genPlus
                           1427 ;     genPlusIncr
   02DF 0E                 1428 	inc	r6
                           1429 ;	gps.c:134: while(*(s+i)!= ',')
                           1430 ;	Peephole 112.b	changed ljmp to sjmp
   02E0 80 DF              1431 	sjmp	00103$
   02E2                    1432 00115$:
                           1433 ;	genAssign
   02E2 90s00r8D           1434 	mov	dptr,#_gps_date_s_1_1
   02E5 E0                 1435 	movx	a,@dptr
   02E6 FA                 1436 	mov	r2,a
   02E7 A3                 1437 	inc	dptr
   02E8 E0                 1438 	movx	a,@dptr
   02E9 FB                 1439 	mov	r3,a
   02EA A3                 1440 	inc	dptr
   02EB E0                 1441 	movx	a,@dptr
   02EC FC                 1442 	mov	r4,a
                           1443 ;	genAssign
   02ED 7D 00              1444 	mov	r5,#0x00
                           1445 ;	genAssign
   02EF                    1446 00106$:
                           1447 ;	genPlus
                           1448 ;	Peephole 236.g	used r6 instead of ar6
   02EF EE                 1449 	mov	a,r6
                           1450 ;	Peephole 236.a	used r2 instead of ar2
   02F0 2A                 1451 	add	a,r2
   02F1 FF                 1452 	mov	r7,a
                           1453 ;	Peephole 181	changed mov to clr
   02F2 E4                 1454 	clr	a
                           1455 ;	Peephole 236.b	used r3 instead of ar3
   02F3 3B                 1456 	addc	a,r3
   02F4 F8                 1457 	mov	r0,a
   02F5 8C 01              1458 	mov	ar1,r4
                           1459 ;	genPointerGet
                           1460 ;	genGenPointerGet
   02F7 8F 82              1461 	mov	dpl,r7
   02F9 88 83              1462 	mov	dph,r0
   02FB 89 F0              1463 	mov	b,r1
   02FD 12s00r00           1464 	lcall	__gptrget
   0300 FF                 1465 	mov	r7,a
                           1466 ;	genCmpEq
                           1467 ;	gencjneshort
   0301 BF 2C 02           1468 	cjne	r7,#0x2C,00121$
                           1469 ;	Peephole 112.b	changed ljmp to sjmp
   0304 80 10              1470 	sjmp	00108$
   0306                    1471 00121$:
                           1472 ;	gps.c:136: temp[j]=*(s+i);
                           1473 ;	genPlus
                           1474 ;	Peephole 236.g	used r5 instead of ar5
   0306 ED                 1475 	mov	a,r5
   0307 24r90              1476 	add	a,#_gps_date_temp_1_1
   0309 F5 82              1477 	mov	dpl,a
                           1478 ;	Peephole 181	changed mov to clr
   030B E4                 1479 	clr	a
   030C 34s00              1480 	addc	a,#(_gps_date_temp_1_1 >> 8)
   030E F5 83              1481 	mov	dph,a
                           1482 ;	genPointerSet
                           1483 ;     genFarPointerSet
   0310 EF                 1484 	mov	a,r7
   0311 F0                 1485 	movx	@dptr,a
                           1486 ;	gps.c:137: j++;i++;
                           1487 ;	genPlus
                           1488 ;     genPlusIncr
   0312 0D                 1489 	inc	r5
                           1490 ;	genPlus
                           1491 ;     genPlusIncr
   0313 0E                 1492 	inc	r6
                           1493 ;	Peephole 112.b	changed ljmp to sjmp
   0314 80 D9              1494 	sjmp	00106$
   0316                    1495 00108$:
                           1496 ;	gps.c:139: return temp;
                           1497 ;	genRet
                           1498 ;	Peephole 182.a	used 16 bit load of DPTR
   0316 90s00r90           1499 	mov	dptr,#_gps_date_temp_1_1
   0319 75 F0 00           1500 	mov	b,#0x00
                           1501 ;	Peephole 300	removed redundant label 00109$
   031C 22                 1502 	ret
                           1503 	.area CSEG    (CODE)
                           1504 	.area CONST   (CODE)
                           1505 	.area XINIT   (CODE)
