                              1 ;--------------------------------------------------------
                              2 ; File Created by SDCC : FreeWare ANSI-C Compiler
                              3 ; Version 2.6.0 #4309 (Jul 28 2006)
                              4 ; This file generated Sun Nov 27 23:21:17 2016
                              5 ;--------------------------------------------------------
                              6 	.module main
                              7 	.optsdcc -mmcs51 --model-large
                              8 	
                              9 ;--------------------------------------------------------
                             10 ; Public variables in this module
                             11 ;--------------------------------------------------------
                             12 	.globl _timer_isr
                             13 	.globl _ext_zero
                             14 	.globl _main
                             15 	.globl __sdcc_external_startup
                             16 	.globl _P5_7
                             17 	.globl _P5_6
                             18 	.globl _P5_5
                             19 	.globl _P5_4
                             20 	.globl _P5_3
                             21 	.globl _P5_2
                             22 	.globl _P5_1
                             23 	.globl _P5_0
                             24 	.globl _P4_7
                             25 	.globl _P4_6
                             26 	.globl _P4_5
                             27 	.globl _P4_4
                             28 	.globl _P4_3
                             29 	.globl _P4_2
                             30 	.globl _P4_1
                             31 	.globl _P4_0
                             32 	.globl _PX0L
                             33 	.globl _PT0L
                             34 	.globl _PX1L
                             35 	.globl _PT1L
                             36 	.globl _PLS
                             37 	.globl _PT2L
                             38 	.globl _PPCL
                             39 	.globl _EC
                             40 	.globl _CCF0
                             41 	.globl _CCF1
                             42 	.globl _CCF2
                             43 	.globl _CCF3
                             44 	.globl _CCF4
                             45 	.globl _CR
                             46 	.globl _CF
                             47 	.globl _TF2
                             48 	.globl _EXF2
                             49 	.globl _RCLK
                             50 	.globl _TCLK
                             51 	.globl _EXEN2
                             52 	.globl _TR2
                             53 	.globl _C_T2
                             54 	.globl _CP_RL2
                             55 	.globl _T2CON_7
                             56 	.globl _T2CON_6
                             57 	.globl _T2CON_5
                             58 	.globl _T2CON_4
                             59 	.globl _T2CON_3
                             60 	.globl _T2CON_2
                             61 	.globl _T2CON_1
                             62 	.globl _T2CON_0
                             63 	.globl _PT2
                             64 	.globl _ET2
                             65 	.globl _CY
                             66 	.globl _AC
                             67 	.globl _F0
                             68 	.globl _RS1
                             69 	.globl _RS0
                             70 	.globl _OV
                             71 	.globl _F1
                             72 	.globl _P
                             73 	.globl _PS
                             74 	.globl _PT1
                             75 	.globl _PX1
                             76 	.globl _PT0
                             77 	.globl _PX0
                             78 	.globl _RD
                             79 	.globl _WR
                             80 	.globl _T1
                             81 	.globl _T0
                             82 	.globl _INT1
                             83 	.globl _INT0
                             84 	.globl _TXD
                             85 	.globl _RXD
                             86 	.globl _P3_7
                             87 	.globl _P3_6
                             88 	.globl _P3_5
                             89 	.globl _P3_4
                             90 	.globl _P3_3
                             91 	.globl _P3_2
                             92 	.globl _P3_1
                             93 	.globl _P3_0
                             94 	.globl _EA
                             95 	.globl _ES
                             96 	.globl _ET1
                             97 	.globl _EX1
                             98 	.globl _ET0
                             99 	.globl _EX0
                            100 	.globl _P2_7
                            101 	.globl _P2_6
                            102 	.globl _P2_5
                            103 	.globl _P2_4
                            104 	.globl _P2_3
                            105 	.globl _P2_2
                            106 	.globl _P2_1
                            107 	.globl _P2_0
                            108 	.globl _SM0
                            109 	.globl _SM1
                            110 	.globl _SM2
                            111 	.globl _REN
                            112 	.globl _TB8
                            113 	.globl _RB8
                            114 	.globl _TI
                            115 	.globl _RI
                            116 	.globl _P1_7
                            117 	.globl _P1_6
                            118 	.globl _P1_5
                            119 	.globl _P1_4
                            120 	.globl _P1_3
                            121 	.globl _P1_2
                            122 	.globl _P1_1
                            123 	.globl _P1_0
                            124 	.globl _TF1
                            125 	.globl _TR1
                            126 	.globl _TF0
                            127 	.globl _TR0
                            128 	.globl _IE1
                            129 	.globl _IT1
                            130 	.globl _IE0
                            131 	.globl _IT0
                            132 	.globl _P0_7
                            133 	.globl _P0_6
                            134 	.globl _P0_5
                            135 	.globl _P0_4
                            136 	.globl _P0_3
                            137 	.globl _P0_2
                            138 	.globl _P0_1
                            139 	.globl _P0_0
                            140 	.globl _EECON
                            141 	.globl _KBF
                            142 	.globl _KBE
                            143 	.globl _KBLS
                            144 	.globl _BRL
                            145 	.globl _BDRCON
                            146 	.globl _T2MOD
                            147 	.globl _SPDAT
                            148 	.globl _SPSTA
                            149 	.globl _SPCON
                            150 	.globl _SADEN
                            151 	.globl _SADDR
                            152 	.globl _WDTPRG
                            153 	.globl _WDTRST
                            154 	.globl _P5
                            155 	.globl _P4
                            156 	.globl _IPH1
                            157 	.globl _IPL1
                            158 	.globl _IPH0
                            159 	.globl _IPL0
                            160 	.globl _IEN1
                            161 	.globl _IEN0
                            162 	.globl _CMOD
                            163 	.globl _CL
                            164 	.globl _CH
                            165 	.globl _CCON
                            166 	.globl _CCAPM4
                            167 	.globl _CCAPM3
                            168 	.globl _CCAPM2
                            169 	.globl _CCAPM1
                            170 	.globl _CCAPM0
                            171 	.globl _CCAP4L
                            172 	.globl _CCAP3L
                            173 	.globl _CCAP2L
                            174 	.globl _CCAP1L
                            175 	.globl _CCAP0L
                            176 	.globl _CCAP4H
                            177 	.globl _CCAP3H
                            178 	.globl _CCAP2H
                            179 	.globl _CCAP1H
                            180 	.globl _CCAP0H
                            181 	.globl _CKCKON1
                            182 	.globl _CKCKON0
                            183 	.globl _CKRL
                            184 	.globl _AUXR1
                            185 	.globl _AUXR
                            186 	.globl _TH2
                            187 	.globl _TL2
                            188 	.globl _RCAP2H
                            189 	.globl _RCAP2L
                            190 	.globl _T2CON
                            191 	.globl _B
                            192 	.globl _ACC
                            193 	.globl _PSW
                            194 	.globl _IP
                            195 	.globl _P3
                            196 	.globl _IE
                            197 	.globl _P2
                            198 	.globl _SBUF
                            199 	.globl _SCON
                            200 	.globl _P1
                            201 	.globl _TH1
                            202 	.globl _TH0
                            203 	.globl _TL1
                            204 	.globl _TL0
                            205 	.globl _TMOD
                            206 	.globl _TCON
                            207 	.globl _PCON
                            208 	.globl _DPH
                            209 	.globl _DPL
                            210 	.globl _SP
                            211 	.globl _P0
                            212 	.globl _timers
                            213 	.globl _flag
                            214 	.globl _sensor_data
                            215 	.globl _s
                            216 	.globl _m
                            217 	.globl _h
                            218 	.globl _i
                            219 	.globl _io_counter
                            220 	.globl _nmi
                            221 	.globl _nsec
                            222 	.globl _nms
                            223 	.globl _cnt
                            224 ;--------------------------------------------------------
                            225 ; special function registers
                            226 ;--------------------------------------------------------
                            227 	.area RSEG    (DATA)
                    0080    228 _P0	=	0x0080
                    0081    229 _SP	=	0x0081
                    0082    230 _DPL	=	0x0082
                    0083    231 _DPH	=	0x0083
                    0087    232 _PCON	=	0x0087
                    0088    233 _TCON	=	0x0088
                    0089    234 _TMOD	=	0x0089
                    008A    235 _TL0	=	0x008a
                    008B    236 _TL1	=	0x008b
                    008C    237 _TH0	=	0x008c
                    008D    238 _TH1	=	0x008d
                    0090    239 _P1	=	0x0090
                    0098    240 _SCON	=	0x0098
                    0099    241 _SBUF	=	0x0099
                    00A0    242 _P2	=	0x00a0
                    00A8    243 _IE	=	0x00a8
                    00B0    244 _P3	=	0x00b0
                    00B8    245 _IP	=	0x00b8
                    00D0    246 _PSW	=	0x00d0
                    00E0    247 _ACC	=	0x00e0
                    00F0    248 _B	=	0x00f0
                    00C8    249 _T2CON	=	0x00c8
                    00CA    250 _RCAP2L	=	0x00ca
                    00CB    251 _RCAP2H	=	0x00cb
                    00CC    252 _TL2	=	0x00cc
                    00CD    253 _TH2	=	0x00cd
                    008E    254 _AUXR	=	0x008e
                    00A2    255 _AUXR1	=	0x00a2
                    0097    256 _CKRL	=	0x0097
                    008F    257 _CKCKON0	=	0x008f
                    008F    258 _CKCKON1	=	0x008f
                    00FA    259 _CCAP0H	=	0x00fa
                    00FB    260 _CCAP1H	=	0x00fb
                    00FC    261 _CCAP2H	=	0x00fc
                    00FD    262 _CCAP3H	=	0x00fd
                    00FE    263 _CCAP4H	=	0x00fe
                    00EA    264 _CCAP0L	=	0x00ea
                    00EB    265 _CCAP1L	=	0x00eb
                    00EC    266 _CCAP2L	=	0x00ec
                    00ED    267 _CCAP3L	=	0x00ed
                    00EE    268 _CCAP4L	=	0x00ee
                    00DA    269 _CCAPM0	=	0x00da
                    00DB    270 _CCAPM1	=	0x00db
                    00DC    271 _CCAPM2	=	0x00dc
                    00DD    272 _CCAPM3	=	0x00dd
                    00DE    273 _CCAPM4	=	0x00de
                    00D8    274 _CCON	=	0x00d8
                    00F9    275 _CH	=	0x00f9
                    00E9    276 _CL	=	0x00e9
                    00D9    277 _CMOD	=	0x00d9
                    00A8    278 _IEN0	=	0x00a8
                    00B1    279 _IEN1	=	0x00b1
                    00B8    280 _IPL0	=	0x00b8
                    00B7    281 _IPH0	=	0x00b7
                    00B2    282 _IPL1	=	0x00b2
                    00B3    283 _IPH1	=	0x00b3
                    00C0    284 _P4	=	0x00c0
                    00D8    285 _P5	=	0x00d8
                    00A6    286 _WDTRST	=	0x00a6
                    00A7    287 _WDTPRG	=	0x00a7
                    00A9    288 _SADDR	=	0x00a9
                    00B9    289 _SADEN	=	0x00b9
                    00C3    290 _SPCON	=	0x00c3
                    00C4    291 _SPSTA	=	0x00c4
                    00C5    292 _SPDAT	=	0x00c5
                    00C9    293 _T2MOD	=	0x00c9
                    009B    294 _BDRCON	=	0x009b
                    009A    295 _BRL	=	0x009a
                    009C    296 _KBLS	=	0x009c
                    009D    297 _KBE	=	0x009d
                    009E    298 _KBF	=	0x009e
                    00D2    299 _EECON	=	0x00d2
                            300 ;--------------------------------------------------------
                            301 ; special function bits
                            302 ;--------------------------------------------------------
                            303 	.area RSEG    (DATA)
                    0080    304 _P0_0	=	0x0080
                    0081    305 _P0_1	=	0x0081
                    0082    306 _P0_2	=	0x0082
                    0083    307 _P0_3	=	0x0083
                    0084    308 _P0_4	=	0x0084
                    0085    309 _P0_5	=	0x0085
                    0086    310 _P0_6	=	0x0086
                    0087    311 _P0_7	=	0x0087
                    0088    312 _IT0	=	0x0088
                    0089    313 _IE0	=	0x0089
                    008A    314 _IT1	=	0x008a
                    008B    315 _IE1	=	0x008b
                    008C    316 _TR0	=	0x008c
                    008D    317 _TF0	=	0x008d
                    008E    318 _TR1	=	0x008e
                    008F    319 _TF1	=	0x008f
                    0090    320 _P1_0	=	0x0090
                    0091    321 _P1_1	=	0x0091
                    0092    322 _P1_2	=	0x0092
                    0093    323 _P1_3	=	0x0093
                    0094    324 _P1_4	=	0x0094
                    0095    325 _P1_5	=	0x0095
                    0096    326 _P1_6	=	0x0096
                    0097    327 _P1_7	=	0x0097
                    0098    328 _RI	=	0x0098
                    0099    329 _TI	=	0x0099
                    009A    330 _RB8	=	0x009a
                    009B    331 _TB8	=	0x009b
                    009C    332 _REN	=	0x009c
                    009D    333 _SM2	=	0x009d
                    009E    334 _SM1	=	0x009e
                    009F    335 _SM0	=	0x009f
                    00A0    336 _P2_0	=	0x00a0
                    00A1    337 _P2_1	=	0x00a1
                    00A2    338 _P2_2	=	0x00a2
                    00A3    339 _P2_3	=	0x00a3
                    00A4    340 _P2_4	=	0x00a4
                    00A5    341 _P2_5	=	0x00a5
                    00A6    342 _P2_6	=	0x00a6
                    00A7    343 _P2_7	=	0x00a7
                    00A8    344 _EX0	=	0x00a8
                    00A9    345 _ET0	=	0x00a9
                    00AA    346 _EX1	=	0x00aa
                    00AB    347 _ET1	=	0x00ab
                    00AC    348 _ES	=	0x00ac
                    00AF    349 _EA	=	0x00af
                    00B0    350 _P3_0	=	0x00b0
                    00B1    351 _P3_1	=	0x00b1
                    00B2    352 _P3_2	=	0x00b2
                    00B3    353 _P3_3	=	0x00b3
                    00B4    354 _P3_4	=	0x00b4
                    00B5    355 _P3_5	=	0x00b5
                    00B6    356 _P3_6	=	0x00b6
                    00B7    357 _P3_7	=	0x00b7
                    00B0    358 _RXD	=	0x00b0
                    00B1    359 _TXD	=	0x00b1
                    00B2    360 _INT0	=	0x00b2
                    00B3    361 _INT1	=	0x00b3
                    00B4    362 _T0	=	0x00b4
                    00B5    363 _T1	=	0x00b5
                    00B6    364 _WR	=	0x00b6
                    00B7    365 _RD	=	0x00b7
                    00B8    366 _PX0	=	0x00b8
                    00B9    367 _PT0	=	0x00b9
                    00BA    368 _PX1	=	0x00ba
                    00BB    369 _PT1	=	0x00bb
                    00BC    370 _PS	=	0x00bc
                    00D0    371 _P	=	0x00d0
                    00D1    372 _F1	=	0x00d1
                    00D2    373 _OV	=	0x00d2
                    00D3    374 _RS0	=	0x00d3
                    00D4    375 _RS1	=	0x00d4
                    00D5    376 _F0	=	0x00d5
                    00D6    377 _AC	=	0x00d6
                    00D7    378 _CY	=	0x00d7
                    00AD    379 _ET2	=	0x00ad
                    00BD    380 _PT2	=	0x00bd
                    00C8    381 _T2CON_0	=	0x00c8
                    00C9    382 _T2CON_1	=	0x00c9
                    00CA    383 _T2CON_2	=	0x00ca
                    00CB    384 _T2CON_3	=	0x00cb
                    00CC    385 _T2CON_4	=	0x00cc
                    00CD    386 _T2CON_5	=	0x00cd
                    00CE    387 _T2CON_6	=	0x00ce
                    00CF    388 _T2CON_7	=	0x00cf
                    00C8    389 _CP_RL2	=	0x00c8
                    00C9    390 _C_T2	=	0x00c9
                    00CA    391 _TR2	=	0x00ca
                    00CB    392 _EXEN2	=	0x00cb
                    00CC    393 _TCLK	=	0x00cc
                    00CD    394 _RCLK	=	0x00cd
                    00CE    395 _EXF2	=	0x00ce
                    00CF    396 _TF2	=	0x00cf
                    00DF    397 _CF	=	0x00df
                    00DE    398 _CR	=	0x00de
                    00DC    399 _CCF4	=	0x00dc
                    00DB    400 _CCF3	=	0x00db
                    00DA    401 _CCF2	=	0x00da
                    00D9    402 _CCF1	=	0x00d9
                    00D8    403 _CCF0	=	0x00d8
                    00AE    404 _EC	=	0x00ae
                    00BE    405 _PPCL	=	0x00be
                    00BD    406 _PT2L	=	0x00bd
                    00BC    407 _PLS	=	0x00bc
                    00BB    408 _PT1L	=	0x00bb
                    00BA    409 _PX1L	=	0x00ba
                    00B9    410 _PT0L	=	0x00b9
                    00B8    411 _PX0L	=	0x00b8
                    00C0    412 _P4_0	=	0x00c0
                    00C1    413 _P4_1	=	0x00c1
                    00C2    414 _P4_2	=	0x00c2
                    00C3    415 _P4_3	=	0x00c3
                    00C4    416 _P4_4	=	0x00c4
                    00C5    417 _P4_5	=	0x00c5
                    00C6    418 _P4_6	=	0x00c6
                    00C7    419 _P4_7	=	0x00c7
                    00D8    420 _P5_0	=	0x00d8
                    00D9    421 _P5_1	=	0x00d9
                    00DA    422 _P5_2	=	0x00da
                    00DB    423 _P5_3	=	0x00db
                    00DC    424 _P5_4	=	0x00dc
                    00DD    425 _P5_5	=	0x00dd
                    00DE    426 _P5_6	=	0x00de
                    00DF    427 _P5_7	=	0x00df
                            428 ;--------------------------------------------------------
                            429 ; overlayable register banks
                            430 ;--------------------------------------------------------
                            431 	.area REG_BANK_0	(REL,OVR,DATA)
   0000                     432 	.ds 8
                            433 ;--------------------------------------------------------
                            434 ; internal ram data
                            435 ;--------------------------------------------------------
                            436 	.area DSEG    (DATA)
                            437 ;--------------------------------------------------------
                            438 ; overlayable items in internal ram 
                            439 ;--------------------------------------------------------
                            440 	.area OSEG    (OVR,DATA)
                            441 ;--------------------------------------------------------
                            442 ; Stack segment in internal ram 
                            443 ;--------------------------------------------------------
                            444 	.area	SSEG	(DATA)
   0000                     445 __start__stack:
   0000                     446 	.ds	1
                            447 
                            448 ;--------------------------------------------------------
                            449 ; indirectly addressable internal ram data
                            450 ;--------------------------------------------------------
                            451 	.area ISEG    (DATA)
                            452 ;--------------------------------------------------------
                            453 ; bit data
                            454 ;--------------------------------------------------------
                            455 	.area BSEG    (BIT)
                            456 ;--------------------------------------------------------
                            457 ; paged external ram data
                            458 ;--------------------------------------------------------
                            459 	.area PSEG    (PAG,XDATA)
                            460 ;--------------------------------------------------------
                            461 ; external ram data
                            462 ;--------------------------------------------------------
                            463 	.area XSEG    (XDATA)
   0000                     464 _cnt::
   0000                     465 	.ds 3
   0003                     466 _nms::
   0003                     467 	.ds 6
   0009                     468 _nsec::
   0009                     469 	.ds 6
   000F                     470 _nmi::
   000F                     471 	.ds 6
   0015                     472 _io_counter::
   0015                     473 	.ds 2
   0017                     474 _i::
   0017                     475 	.ds 2
   0019                     476 _h::
   0019                     477 	.ds 1
   001A                     478 _m::
   001A                     479 	.ds 1
   001B                     480 _s::
   001B                     481 	.ds 1
   001C                     482 _sensor_data::
   001C                     483 	.ds 3
                            484 ;--------------------------------------------------------
                            485 ; external initialized ram data
                            486 ;--------------------------------------------------------
                            487 	.area XISEG   (XDATA)
   0000                     488 _flag::
   0000                     489 	.ds 1
   0001                     490 _timers::
   0001                     491 	.ds 2
                            492 	.area HOME    (CODE)
                            493 	.area GSINIT0 (CODE)
                            494 	.area GSINIT1 (CODE)
                            495 	.area GSINIT2 (CODE)
                            496 	.area GSINIT3 (CODE)
                            497 	.area GSINIT4 (CODE)
                            498 	.area GSINIT5 (CODE)
                            499 	.area GSINIT  (CODE)
                            500 	.area GSFINAL (CODE)
                            501 	.area CSEG    (CODE)
                            502 ;--------------------------------------------------------
                            503 ; interrupt vector 
                            504 ;--------------------------------------------------------
                            505 	.area HOME    (CODE)
   0000                     506 __interrupt_vect:
   0000 02s00r00            507 	ljmp	__sdcc_gsinit_startup
   0003 02s00r7F            508 	ljmp	_ext_zero
   0006                     509 	.ds	5
   000B 02s00rF9            510 	ljmp	_timer_isr
                            511 ;--------------------------------------------------------
                            512 ; global & static initialisations
                            513 ;--------------------------------------------------------
                            514 	.area HOME    (CODE)
                            515 	.area GSINIT  (CODE)
                            516 	.area GSFINAL (CODE)
                            517 	.area GSINIT  (CODE)
                            518 	.globl __sdcc_gsinit_startup
                            519 	.globl __sdcc_program_startup
                            520 	.globl __start__stack
                            521 	.globl __mcs51_genXINIT
                            522 	.globl __mcs51_genXRAMCLEAR
                            523 	.globl __mcs51_genRAMCLEAR
                            524 	.area GSFINAL (CODE)
   0000 02s00r00            525 	ljmp	__sdcc_program_startup
                            526 ;--------------------------------------------------------
                            527 ; Home
                            528 ;--------------------------------------------------------
                            529 	.area HOME    (CODE)
                            530 	.area CSEG    (CODE)
   0000                     531 __sdcc_program_startup:
   0000 12s00r0C            532 	lcall	_main
                            533 ;	return from main will lock up
   0003 80 FE               534 	sjmp .
                            535 ;--------------------------------------------------------
                            536 ; code
                            537 ;--------------------------------------------------------
                            538 	.area CSEG    (CODE)
                            539 ;------------------------------------------------------------
                            540 ;Allocation info for local variables in function '_sdcc_external_startup'
                            541 ;------------------------------------------------------------
                            542 ;------------------------------------------------------------
                            543 ;	main.c:37: _sdcc_external_startup()
                            544 ;	-----------------------------------------
                            545 ;	 function _sdcc_external_startup
                            546 ;	-----------------------------------------
   0005                     547 __sdcc_external_startup:
                    0002    548 	ar2 = 0x02
                    0003    549 	ar3 = 0x03
                    0004    550 	ar4 = 0x04
                    0005    551 	ar5 = 0x05
                    0006    552 	ar6 = 0x06
                    0007    553 	ar7 = 0x07
                    0000    554 	ar0 = 0x00
                    0001    555 	ar1 = 0x01
                            556 ;	main.c:39: AUXR |= 0x0C;
                            557 ;	genOr
   0005 43 8E 0C            558 	orl	_AUXR,#0x0C
                            559 ;	main.c:41: return 0;
                            560 ;	genRet
                            561 ;	Peephole 182.b	used 16 bit load of dptr
   0008 90 00 00            562 	mov	dptr,#0x0000
                            563 ;	Peephole 300	removed redundant label 00101$
   000B 22                  564 	ret
                            565 ;------------------------------------------------------------
                            566 ;Allocation info for local variables in function 'main'
                            567 ;------------------------------------------------------------
                            568 ;pressure                  Allocated with name '_main_pressure_1_1'
                            569 ;msb                       Allocated with name '_main_msb_1_1'
                            570 ;csb                       Allocated with name '_main_csb_1_1'
                            571 ;lsb                       Allocated with name '_main_lsb_1_1'
                            572 ;------------------------------------------------------------
                            573 ;	main.c:46: void main(void)
                            574 ;	-----------------------------------------
                            575 ;	 function main
                            576 ;	-----------------------------------------
   000C                     577 _main:
                            578 ;	main.c:50: lcd_init();                                     // Initilaize LCD
                            579 ;	genCall
   000C 12s00r00            580 	lcall	_lcd_init
                            581 ;	main.c:51: uart_init()	;                                   // Initilalize UART
                            582 ;	genCall
   000F 12s00r00            583 	lcall	_uart_init
                            584 ;	main.c:53: P1_0=0;
                            585 ;	genAssign
   0012 C2 90               586 	clr	_P1_0
                            587 ;	main.c:55: eereset();                                      // EEPROM is reset at every powerup
                            588 ;	genCall
   0014 12s00r00            589 	lcall	_eereset
                            590 ;	main.c:62: while(1)
   0017                     591 00102$:
                            592 ;	main.c:66: delay_ms(100);
                            593 ;	genCall
                            594 ;	Peephole 182.b	used 16 bit load of dptr
   0017 90 00 64            595 	mov	dptr,#0x0064
   001A 12s00r00            596 	lcall	_delay_ms
                            597 ;	main.c:69: printf_tiny("\n\rTemp: %d Celcius",(TEMP_calibration()));
                            598 ;	genCall
   001D 12s00r00            599 	lcall	_TEMP_calibration
   0020 AA 82               600 	mov	r2,dpl
   0022 AB 83               601 	mov	r3,dph
                            602 ;	genIpush
   0024 C0 02               603 	push	ar2
   0026 C0 03               604 	push	ar3
                            605 ;	genIpush
   0028 74r00               606 	mov	a,#__str_0
   002A C0 E0               607 	push	acc
   002C 74s00               608 	mov	a,#(__str_0 >> 8)
   002E C0 E0               609 	push	acc
                            610 ;	genCall
   0030 12s00r00            611 	lcall	_printf_tiny
   0033 E5 81               612 	mov	a,sp
   0035 24 FC               613 	add	a,#0xfc
   0037 F5 81               614 	mov	sp,a
                            615 ;	main.c:70: delay_ms(100);
                            616 ;	genCall
                            617 ;	Peephole 182.b	used 16 bit load of dptr
   0039 90 00 64            618 	mov	dptr,#0x0064
   003C 12s00r00            619 	lcall	_delay_ms
                            620 ;	main.c:71: printf_tiny("\tHUMIDITY: %d RH",HUMIDITY_calibration());
                            621 ;	genCall
   003F 12s00r00            622 	lcall	_HUMIDITY_calibration
   0042 AA 82               623 	mov	r2,dpl
   0044 AB 83               624 	mov	r3,dph
                            625 ;	genIpush
   0046 C0 02               626 	push	ar2
   0048 C0 03               627 	push	ar3
                            628 ;	genIpush
   004A 74r13               629 	mov	a,#__str_1
   004C C0 E0               630 	push	acc
   004E 74s00               631 	mov	a,#(__str_1 >> 8)
   0050 C0 E0               632 	push	acc
                            633 ;	genCall
   0052 12s00r00            634 	lcall	_printf_tiny
   0055 E5 81               635 	mov	a,sp
   0057 24 FC               636 	add	a,#0xfc
   0059 F5 81               637 	mov	sp,a
                            638 ;	main.c:72: delay_ms(100);
                            639 ;	genCall
                            640 ;	Peephole 182.b	used 16 bit load of dptr
   005B 90 00 64            641 	mov	dptr,#0x0064
   005E 12s00r00            642 	lcall	_delay_ms
                            643 ;	main.c:73: printf_tiny("\LIGHT : %d ",LIGHT_calibration());
                            644 ;	genCall
   0061 12s00r00            645 	lcall	_LIGHT_calibration
   0064 AA 82               646 	mov	r2,dpl
   0066 AB 83               647 	mov	r3,dph
                            648 ;	genIpush
   0068 C0 02               649 	push	ar2
   006A C0 03               650 	push	ar3
                            651 ;	genIpush
   006C 74r24               652 	mov	a,#__str_2
   006E C0 E0               653 	push	acc
   0070 74s00               654 	mov	a,#(__str_2 >> 8)
   0072 C0 E0               655 	push	acc
                            656 ;	genCall
   0074 12s00r00            657 	lcall	_printf_tiny
   0077 E5 81               658 	mov	a,sp
   0079 24 FC               659 	add	a,#0xfc
   007B F5 81               660 	mov	sp,a
                            661 ;	Peephole 112.b	changed ljmp to sjmp
   007D 80 98               662 	sjmp	00102$
                            663 ;	Peephole 259.a	removed redundant label 00104$ and ret
                            664 ;
                            665 ;------------------------------------------------------------
                            666 ;Allocation info for local variables in function 'ext_zero'
                            667 ;------------------------------------------------------------
                            668 ;------------------------------------------------------------
                            669 ;	main.c:110: void ext_zero() interrupt 0
                            670 ;	-----------------------------------------
                            671 ;	 function ext_zero
                            672 ;	-----------------------------------------
   007F                     673 _ext_zero:
   007F C0 E0               674 	push	acc
   0081 C0 F0               675 	push	b
   0083 C0 82               676 	push	dpl
   0085 C0 83               677 	push	dph
   0087 C0 02               678 	push	(0+2)
   0089 C0 03               679 	push	(0+3)
   008B C0 04               680 	push	(0+4)
   008D C0 05               681 	push	(0+5)
   008F C0 06               682 	push	(0+6)
   0091 C0 07               683 	push	(0+7)
   0093 C0 00               684 	push	(0+0)
   0095 C0 01               685 	push	(0+1)
   0097 C0 D0               686 	push	psw
   0099 75 D0 00            687 	mov	psw,#0x00
                            688 ;	main.c:113: io_counter++;
                            689 ;	genAssign
   009C 90s00r15            690 	mov	dptr,#_io_counter
   009F E0                  691 	movx	a,@dptr
   00A0 FA                  692 	mov	r2,a
   00A1 A3                  693 	inc	dptr
   00A2 E0                  694 	movx	a,@dptr
   00A3 FB                  695 	mov	r3,a
                            696 ;	genPlus
   00A4 90s00r15            697 	mov	dptr,#_io_counter
                            698 ;     genPlusIncr
   00A7 74 01               699 	mov	a,#0x01
                            700 ;	Peephole 236.a	used r2 instead of ar2
   00A9 2A                  701 	add	a,r2
   00AA F0                  702 	movx	@dptr,a
                            703 ;	Peephole 181	changed mov to clr
   00AB E4                  704 	clr	a
                            705 ;	Peephole 236.b	used r3 instead of ar3
   00AC 3B                  706 	addc	a,r3
   00AD A3                  707 	inc	dptr
   00AE F0                  708 	movx	@dptr,a
                            709 ;	main.c:114: if(io_counter==32)
                            710 ;	genAssign
   00AF 90s00r15            711 	mov	dptr,#_io_counter
   00B2 E0                  712 	movx	a,@dptr
   00B3 FA                  713 	mov	r2,a
   00B4 A3                  714 	inc	dptr
   00B5 E0                  715 	movx	a,@dptr
   00B6 FB                  716 	mov	r3,a
                            717 ;	genCmpEq
                            718 ;	gencjneshort
                            719 ;	Peephole 112.b	changed ljmp to sjmp
                            720 ;	Peephole 198.a	optimized misc jump sequence
   00B7 BA 20 0A            721 	cjne	r2,#0x20,00102$
   00BA BB 00 07            722 	cjne	r3,#0x00,00102$
                            723 ;	Peephole 200.b	removed redundant sjmp
                            724 ;	Peephole 300	removed redundant label 00109$
                            725 ;	Peephole 300	removed redundant label 00110$
                            726 ;	main.c:116: io_counter=0;
                            727 ;	genAssign
   00BD 90s00r15            728 	mov	dptr,#_io_counter
   00C0 E4                  729 	clr	a
   00C1 F0                  730 	movx	@dptr,a
   00C2 A3                  731 	inc	dptr
   00C3 F0                  732 	movx	@dptr,a
   00C4                     733 00102$:
                            734 ;	main.c:118: if(io_counter%2==0){io_cnt(io_counter/2);}
                            735 ;	genAssign
   00C4 90s00r15            736 	mov	dptr,#_io_counter
   00C7 E0                  737 	movx	a,@dptr
   00C8 FA                  738 	mov	r2,a
   00C9 A3                  739 	inc	dptr
   00CA E0                  740 	movx	a,@dptr
   00CB FB                  741 	mov	r3,a
                            742 ;	genAnd
   00CC EA                  743 	mov	a,r2
                            744 ;	genIfxJump
                            745 ;	Peephole 108.e	removed ljmp by inverse jump logic
   00CD 20 E0 0E            746 	jb	acc.0,00105$
                            747 ;	Peephole 300	removed redundant label 00111$
                            748 ;	genRightShift
                            749 ;	genRightShiftLiteral
                            750 ;	genrshTwo
   00D0 EB                  751 	mov	a,r3
   00D1 C3                  752 	clr	c
   00D2 13                  753 	rrc	a
   00D3 CA                  754 	xch	a,r2
   00D4 13                  755 	rrc	a
   00D5 CA                  756 	xch	a,r2
   00D6 FB                  757 	mov	r3,a
                            758 ;	genCall
   00D7 8A 82               759 	mov	dpl,r2
   00D9 8B 83               760 	mov	dph,r3
   00DB 12s00r00            761 	lcall	_io_cnt
   00DE                     762 00105$:
   00DE D0 D0               763 	pop	psw
   00E0 D0 01               764 	pop	(0+1)
   00E2 D0 00               765 	pop	(0+0)
   00E4 D0 07               766 	pop	(0+7)
   00E6 D0 06               767 	pop	(0+6)
   00E8 D0 05               768 	pop	(0+5)
   00EA D0 04               769 	pop	(0+4)
   00EC D0 03               770 	pop	(0+3)
   00EE D0 02               771 	pop	(0+2)
   00F0 D0 83               772 	pop	dph
   00F2 D0 82               773 	pop	dpl
   00F4 D0 F0               774 	pop	b
   00F6 D0 E0               775 	pop	acc
   00F8 32                  776 	reti
                            777 ;------------------------------------------------------------
                            778 ;Allocation info for local variables in function 'timer_isr'
                            779 ;------------------------------------------------------------
                            780 ;c                         Allocated with name '_timer_isr_c_1_1'
                            781 ;------------------------------------------------------------
                            782 ;	main.c:133: void timer_isr() interrupt 1
                            783 ;	-----------------------------------------
                            784 ;	 function timer_isr
                            785 ;	-----------------------------------------
   00F9                     786 _timer_isr:
   00F9 C0 E0               787 	push	acc
   00FB C0 F0               788 	push	b
   00FD C0 82               789 	push	dpl
   00FF C0 83               790 	push	dph
   0101 C0 02               791 	push	(0+2)
   0103 C0 03               792 	push	(0+3)
   0105 C0 04               793 	push	(0+4)
   0107 C0 05               794 	push	(0+5)
   0109 C0 06               795 	push	(0+6)
   010B C0 07               796 	push	(0+7)
   010D C0 00               797 	push	(0+0)
   010F C0 01               798 	push	(0+1)
   0111 C0 D0               799 	push	psw
   0113 75 D0 00            800 	mov	psw,#0x00
                            801 ;	main.c:137: flag++;
                            802 ;	genAssign
   0116 90s00r00            803 	mov	dptr,#_flag
   0119 E0                  804 	movx	a,@dptr
   011A FA                  805 	mov	r2,a
                            806 ;	genPlus
   011B 90s00r00            807 	mov	dptr,#_flag
                            808 ;     genPlusIncr
   011E 74 01               809 	mov	a,#0x01
                            810 ;	Peephole 236.a	used r2 instead of ar2
   0120 2A                  811 	add	a,r2
   0121 F0                  812 	movx	@dptr,a
                            813 ;	main.c:138: TH0 =   0x58;
                            814 ;	genAssign
   0122 75 8C 58            815 	mov	_TH0,#0x58
                            816 ;	main.c:139: TL0 =   0x00;
                            817 ;	genAssign
   0125 75 8A 00            818 	mov	_TL0,#0x00
                            819 ;	main.c:141: if(flag==20)
                            820 ;	genAssign
   0128 90s00r00            821 	mov	dptr,#_flag
   012B E0                  822 	movx	a,@dptr
   012C FA                  823 	mov	r2,a
                            824 ;	genCmpEq
                            825 ;	gencjneshort
   012D BA 14 02            826 	cjne	r2,#0x14,00118$
   0130 80 03               827 	sjmp	00119$
   0132                     828 00118$:
   0132 02s02r65            829 	ljmp	00111$
   0135                     830 00119$:
                            831 ;	main.c:144: s++;i++;
                            832 ;	genAssign
   0135 90s00r1B            833 	mov	dptr,#_s
   0138 E0                  834 	movx	a,@dptr
   0139 FA                  835 	mov	r2,a
                            836 ;	genPlus
   013A 90s00r1B            837 	mov	dptr,#_s
                            838 ;     genPlusIncr
   013D 74 01               839 	mov	a,#0x01
                            840 ;	Peephole 236.a	used r2 instead of ar2
   013F 2A                  841 	add	a,r2
   0140 F0                  842 	movx	@dptr,a
                            843 ;	genAssign
   0141 90s00r17            844 	mov	dptr,#_i
   0144 E0                  845 	movx	a,@dptr
   0145 FA                  846 	mov	r2,a
   0146 A3                  847 	inc	dptr
   0147 E0                  848 	movx	a,@dptr
   0148 FB                  849 	mov	r3,a
                            850 ;	genPlus
   0149 90s00r17            851 	mov	dptr,#_i
                            852 ;     genPlusIncr
   014C 74 01               853 	mov	a,#0x01
                            854 ;	Peephole 236.a	used r2 instead of ar2
   014E 2A                  855 	add	a,r2
   014F F0                  856 	movx	@dptr,a
                            857 ;	Peephole 181	changed mov to clr
   0150 E4                  858 	clr	a
                            859 ;	Peephole 236.b	used r3 instead of ar3
   0151 3B                  860 	addc	a,r3
   0152 A3                  861 	inc	dptr
   0153 F0                  862 	movx	@dptr,a
                            863 ;	main.c:145: if(s==60){s=0;m++;}
                            864 ;	genAssign
   0154 90s00r1B            865 	mov	dptr,#_s
   0157 E0                  866 	movx	a,@dptr
   0158 FA                  867 	mov	r2,a
                            868 ;	genCmpEq
                            869 ;	gencjneshort
                            870 ;	Peephole 112.b	changed ljmp to sjmp
                            871 ;	Peephole 198.b	optimized misc jump sequence
   0159 BA 3C 11            872 	cjne	r2,#0x3C,00102$
                            873 ;	Peephole 200.b	removed redundant sjmp
                            874 ;	Peephole 300	removed redundant label 00120$
                            875 ;	Peephole 300	removed redundant label 00121$
                            876 ;	genAssign
   015C 90s00r1B            877 	mov	dptr,#_s
                            878 ;	Peephole 181	changed mov to clr
   015F E4                  879 	clr	a
   0160 F0                  880 	movx	@dptr,a
                            881 ;	genAssign
   0161 90s00r1A            882 	mov	dptr,#_m
   0164 E0                  883 	movx	a,@dptr
   0165 FA                  884 	mov	r2,a
                            885 ;	genPlus
   0166 90s00r1A            886 	mov	dptr,#_m
                            887 ;     genPlusIncr
   0169 74 01               888 	mov	a,#0x01
                            889 ;	Peephole 236.a	used r2 instead of ar2
   016B 2A                  890 	add	a,r2
   016C F0                  891 	movx	@dptr,a
   016D                     892 00102$:
                            893 ;	main.c:146: if(m==60){m=0;h++;}
                            894 ;	genAssign
   016D 90s00r1A            895 	mov	dptr,#_m
   0170 E0                  896 	movx	a,@dptr
   0171 FA                  897 	mov	r2,a
                            898 ;	genCmpEq
                            899 ;	gencjneshort
                            900 ;	Peephole 112.b	changed ljmp to sjmp
                            901 ;	Peephole 198.b	optimized misc jump sequence
   0172 BA 3C 11            902 	cjne	r2,#0x3C,00104$
                            903 ;	Peephole 200.b	removed redundant sjmp
                            904 ;	Peephole 300	removed redundant label 00122$
                            905 ;	Peephole 300	removed redundant label 00123$
                            906 ;	genAssign
   0175 90s00r1A            907 	mov	dptr,#_m
                            908 ;	Peephole 181	changed mov to clr
   0178 E4                  909 	clr	a
   0179 F0                  910 	movx	@dptr,a
                            911 ;	genAssign
   017A 90s00r19            912 	mov	dptr,#_h
   017D E0                  913 	movx	a,@dptr
   017E FA                  914 	mov	r2,a
                            915 ;	genPlus
   017F 90s00r19            916 	mov	dptr,#_h
                            917 ;     genPlusIncr
   0182 74 01               918 	mov	a,#0x01
                            919 ;	Peephole 236.a	used r2 instead of ar2
   0184 2A                  920 	add	a,r2
   0185 F0                  921 	movx	@dptr,a
   0186                     922 00104$:
                            923 ;	main.c:147: if(h==24){h=0;}
                            924 ;	genAssign
   0186 90s00r19            925 	mov	dptr,#_h
   0189 E0                  926 	movx	a,@dptr
   018A FA                  927 	mov	r2,a
                            928 ;	genCmpEq
                            929 ;	gencjneshort
                            930 ;	Peephole 112.b	changed ljmp to sjmp
                            931 ;	Peephole 198.b	optimized misc jump sequence
   018B BA 18 05            932 	cjne	r2,#0x18,00106$
                            933 ;	Peephole 200.b	removed redundant sjmp
                            934 ;	Peephole 300	removed redundant label 00124$
                            935 ;	Peephole 300	removed redundant label 00125$
                            936 ;	genAssign
   018E 90s00r19            937 	mov	dptr,#_h
                            938 ;	Peephole 181	changed mov to clr
   0191 E4                  939 	clr	a
   0192 F0                  940 	movx	@dptr,a
   0193                     941 00106$:
                            942 ;	main.c:149: clock_control(h,m,s);
                            943 ;	genAssign
   0193 90s00r19            944 	mov	dptr,#_h
   0196 E0                  945 	movx	a,@dptr
   0197 FA                  946 	mov	r2,a
                            947 ;	genAssign
   0198 90s00r1A            948 	mov	dptr,#_m
   019B E0                  949 	movx	a,@dptr
   019C FB                  950 	mov	r3,a
                            951 ;	genAssign
   019D 90s00r1B            952 	mov	dptr,#_s
   01A0 E0                  953 	movx	a,@dptr
   01A1 FC                  954 	mov	r4,a
                            955 ;	genAssign
   01A2 90s00r00            956 	mov	dptr,#_clock_control_PARM_2
   01A5 EB                  957 	mov	a,r3
   01A6 F0                  958 	movx	@dptr,a
                            959 ;	genAssign
   01A7 90s00r00            960 	mov	dptr,#_clock_control_PARM_3
   01AA EC                  961 	mov	a,r4
   01AB F0                  962 	movx	@dptr,a
                            963 ;	genCall
   01AC 8A 82               964 	mov	dpl,r2
   01AE 12s00r00            965 	lcall	_clock_control
                            966 ;	main.c:151: if(i==8)
                            967 ;	genAssign
   01B1 90s00r17            968 	mov	dptr,#_i
   01B4 E0                  969 	movx	a,@dptr
   01B5 FA                  970 	mov	r2,a
   01B6 A3                  971 	inc	dptr
   01B7 E0                  972 	movx	a,@dptr
   01B8 FB                  973 	mov	r3,a
                            974 ;	genCmpEq
                            975 ;	gencjneshort
   01B9 BA 08 05            976 	cjne	r2,#0x08,00126$
   01BC BB 00 02            977 	cjne	r3,#0x00,00126$
   01BF 80 03               978 	sjmp	00127$
   01C1                     979 00126$:
   01C1 02s02r60            980 	ljmp	00108$
   01C4                     981 00127$:
                            982 ;	main.c:153: TH0 =   0x80;
                            983 ;	genAssign
   01C4 75 8C 80            984 	mov	_TH0,#0x80
                            985 ;	main.c:154: TL0 =   0x00;
                            986 ;	genAssign
   01C7 75 8A 00            987 	mov	_TL0,#0x00
                            988 ;	main.c:158: UART=0;
                            989 ;	genAssign
   01CA C2 94               990 	clr	_P1_4
                            991 ;	main.c:159: c=gps_read();
                            992 ;	genCall
   01CC 12s00r00            993 	lcall	_gps_read
   01CF AA 82               994 	mov	r2,dpl
   01D1 AB 83               995 	mov	r3,dph
   01D3 AC F0               996 	mov	r4,b
                            997 ;	main.c:160: UART=1;
                            998 ;	genAssign
   01D5 D2 94               999 	setb	_P1_4
                           1000 ;	main.c:165: lcdgotoxy(1,1);
                           1001 ;	genAssign
   01D7 90s00r00           1002 	mov	dptr,#_lcdgotoxy_PARM_2
   01DA 74 01              1003 	mov	a,#0x01
   01DC F0                 1004 	movx	@dptr,a
                           1005 ;	genCall
   01DD 75 82 01           1006 	mov	dpl,#0x01
   01E0 C0 02              1007 	push	ar2
   01E2 C0 03              1008 	push	ar3
   01E4 C0 04              1009 	push	ar4
   01E6 12s00r00           1010 	lcall	_lcdgotoxy
   01E9 D0 04              1011 	pop	ar4
   01EB D0 03              1012 	pop	ar3
   01ED D0 02              1013 	pop	ar2
                           1014 ;	main.c:167: lcdputch(gps_status(c));
                           1015 ;	genCall
   01EF 8A 82              1016 	mov	dpl,r2
   01F1 8B 83              1017 	mov	dph,r3
   01F3 8C F0              1018 	mov	b,r4
   01F5 C0 02              1019 	push	ar2
   01F7 C0 03              1020 	push	ar3
   01F9 C0 04              1021 	push	ar4
   01FB 12s00r00           1022 	lcall	_gps_status
   01FE AD 82              1023 	mov	r5,dpl
   0200 D0 04              1024 	pop	ar4
   0202 D0 03              1025 	pop	ar3
   0204 D0 02              1026 	pop	ar2
                           1027 ;	genCall
   0206 8D 82              1028 	mov	dpl,r5
   0208 C0 02              1029 	push	ar2
   020A C0 03              1030 	push	ar3
   020C C0 04              1031 	push	ar4
   020E 12s00r00           1032 	lcall	_lcdputch
   0211 D0 04              1033 	pop	ar4
   0213 D0 03              1034 	pop	ar3
   0215 D0 02              1035 	pop	ar2
                           1036 ;	main.c:168: lcdputstr(gps_latitude(c));
                           1037 ;	genCall
   0217 8A 82              1038 	mov	dpl,r2
   0219 8B 83              1039 	mov	dph,r3
   021B 8C F0              1040 	mov	b,r4
   021D C0 02              1041 	push	ar2
   021F C0 03              1042 	push	ar3
   0221 C0 04              1043 	push	ar4
   0223 12s00r00           1044 	lcall	_gps_latitude
   0226 AD 82              1045 	mov	r5,dpl
   0228 AE 83              1046 	mov	r6,dph
   022A AF F0              1047 	mov	r7,b
   022C D0 04              1048 	pop	ar4
   022E D0 03              1049 	pop	ar3
   0230 D0 02              1050 	pop	ar2
                           1051 ;	genCall
   0232 8D 82              1052 	mov	dpl,r5
   0234 8E 83              1053 	mov	dph,r6
   0236 8F F0              1054 	mov	b,r7
   0238 C0 02              1055 	push	ar2
   023A C0 03              1056 	push	ar3
   023C C0 04              1057 	push	ar4
   023E 12s00r00           1058 	lcall	_lcdputstr
   0241 D0 04              1059 	pop	ar4
   0243 D0 03              1060 	pop	ar3
   0245 D0 02              1061 	pop	ar2
                           1062 ;	main.c:169: lcdputstr(gps_longitude(c));
                           1063 ;	genCall
   0247 8A 82              1064 	mov	dpl,r2
   0249 8B 83              1065 	mov	dph,r3
   024B 8C F0              1066 	mov	b,r4
   024D 12s00r00           1067 	lcall	_gps_longitude
                           1068 ;	genCall
   0250 AA 82              1069 	mov	r2,dpl
   0252 AB 83              1070 	mov	r3,dph
   0254 AC F0              1071 	mov	r4,b
                           1072 ;	Peephole 238.d	removed 3 redundant moves
   0256 12s00r00           1073 	lcall	_lcdputstr
                           1074 ;	main.c:172: i=0;
                           1075 ;	genAssign
   0259 90s00r17           1076 	mov	dptr,#_i
   025C E4                 1077 	clr	a
   025D F0                 1078 	movx	@dptr,a
   025E A3                 1079 	inc	dptr
   025F F0                 1080 	movx	@dptr,a
   0260                    1081 00108$:
                           1082 ;	main.c:177: flag=0;
                           1083 ;	genAssign
   0260 90s00r00           1084 	mov	dptr,#_flag
                           1085 ;	Peephole 181	changed mov to clr
   0263 E4                 1086 	clr	a
   0264 F0                 1087 	movx	@dptr,a
   0265                    1088 00111$:
   0265 D0 D0              1089 	pop	psw
   0267 D0 01              1090 	pop	(0+1)
   0269 D0 00              1091 	pop	(0+0)
   026B D0 07              1092 	pop	(0+7)
   026D D0 06              1093 	pop	(0+6)
   026F D0 05              1094 	pop	(0+5)
   0271 D0 04              1095 	pop	(0+4)
   0273 D0 03              1096 	pop	(0+3)
   0275 D0 02              1097 	pop	(0+2)
   0277 D0 83              1098 	pop	dph
   0279 D0 82              1099 	pop	dpl
   027B D0 F0              1100 	pop	b
   027D D0 E0              1101 	pop	acc
   027F 32                 1102 	reti
                           1103 	.area CSEG    (CODE)
                           1104 	.area CONST   (CODE)
   0000                    1105 __str_0:
   0000 0A                 1106 	.db 0x0A
   0001 0D                 1107 	.db 0x0D
   0002 54 65 6D 70 3A 20  1108 	.ascii "Temp: %d Celcius"
        25 64 20 43 65 6C
        63 69 75 73
   0012 00                 1109 	.db 0x00
   0013                    1110 __str_1:
   0013 09                 1111 	.db 0x09
   0014 48 55 4D 49 44 49  1112 	.ascii "HUMIDITY: %d RH"
        54 59 3A 20 25 64
        20 52 48
   0023 00                 1113 	.db 0x00
   0024                    1114 __str_2:
   0024 4C 49 47 48 54 20  1115 	.ascii "LIGHT : %d "
        3A 20 25 64 20
   002F 00                 1116 	.db 0x00
                           1117 	.area XINIT   (CODE)
   0000                    1118 __xinit__flag:
   0000 00                 1119 	.db #0x00
   0001                    1120 __xinit__timers:
   0001 00 00              1121 	.byte #0x00,#0x00
